[02-25|17:42:40.857] INFO <C Chain> plugin/evm/vm.go:378 Initializing Coreth VM                   Version=v0.14.1 Config="{SnowmanAPIEnabled:false AdminAPIEnabled:false AdminAPIDir: CorethAdminAPIEnabled:false CorethAdminAPIDir: WarpAPIEnabled:false EnabledEthAPIs:[eth eth-filter net web3 internal-eth internal-blockchain internal-transaction] ContinuousProfilerDir: ContinuousProfilerFrequency:15m0s ContinuousProfilerMaxFiles:5 RPCGasCap:50000000 RPCTxFeeCap:100 TrieCleanCache:512 TrieDirtyCache:512 TrieDirtyCommitTarget:20 TriePrefetcherParallelism:16 SnapshotCache:256 Preimages:false SnapshotWait:false SnapshotVerify:false Pruning:true AcceptorQueueLimit:64 CommitInterval:4096 AllowMissingTries:false PopulateMissingTries:<nil> PopulateMissingTriesParallelism:1024 PruneWarpDB:false HistoricalProofQueryWindow:43200 MetricsExpensiveEnabled:true LocalTxsEnabled:false TxPoolPriceLimit:1 TxPoolPriceBump:10 TxPoolAccountSlots:16 TxPoolGlobalSlots:5120 TxPoolAccountQueue:64 TxPoolGlobalQueue:1024 TxPoolLifetime:10m0s APIMaxDuration:0s WSCPURefillRate:0s WSCPUMaxStored:0s MaxBlocksPerRequest:0 AllowUnfinalizedQueries:false AllowUnprotectedTxs:false AllowUnprotectedTxHashes:[0xfefb2da535e927b85fe68eb81cb2e4a5827c905f78381a01ef2322aa9b0aee8e] KeystoreDirectory: KeystoreExternalSigner: KeystoreInsecureUnlockAllowed:false PushGossipPercentStake:0.9 PushGossipNumValidators:100 PushGossipNumPeers:0 PushRegossipNumValidators:10 PushRegossipNumPeers:0 PushGossipFrequency:100ms PullGossipFrequency:1s RegossipFrequency:30s TxRegossipFrequency:0s LogLevel:info LogJSONFormat:false OfflinePruning:false OfflinePruningBloomFilterSize:512 OfflinePruningDataDirectory: MaxOutboundActiveRequests:16 StateSyncEnabled:<nil> StateSyncSkipResume:false StateSyncServerTrieCache:64 StateSyncIDs: StateSyncCommitInterval:16384 StateSyncMinBlocks:300000 StateSyncRequestSize:1024 InspectDatabase:false SkipUpgradeCheck:false AcceptedCacheSize:32 TransactionHistory:0 TxLookupLimit:0 SkipTxIndexing:false WarpOffChainMessages:[] HttpBodyLimit:0}"
[02-25|17:42:40.870] INFO <C Chain> core/state_processor.go:237 Activating new precompile                name=warpConfig config="{\"blockTimestamp\":1607144400,\"quorumNumerator\":0,\"requirePrimaryNetworkSigners\":false}"
[02-25|17:42:40.871] INFO <C Chain> triedb/hashdb/database.go:546 Persisted trie from memory database      nodes=3 size=406.00B time="5.958µs" gcnodes=0 gcsize=0.00B gctime=0s livenodes=0 livesize=0.00B
[02-25|17:42:40.871] INFO <C Chain> plugin/evm/vm.go:458 "lastAccepted = 0xa98bedc43bb755700d5d53175825493ae2ce37c2144f144d683ebe858a4ea9bc"
[02-25|17:42:40.871] INFO <C Chain> eth/backend.go:145 Allocated memory caches                  "trie clean"=512.00MiB "trie dirty"=512.00MiB "snapshot clean"=256.00MiB
[02-25|17:42:40.872] INFO <C Chain> core/rawdb/accessors_trie.go:344 State schema set to default              scheme=hash
[02-25|17:42:40.872] INFO <C Chain> eth/backend.go:193 Initialising Ethereum protocol           network=43112 dbversion=<nil>
[02-25|17:42:40.872] WARN <C Chain> eth/backend.go:199 Upgrade blockchain database version      from=<nil> to=8
[02-25|17:42:40.873] INFO <C Chain> core/genesis.go:137 Writing genesis to database
[02-25|17:42:40.873] INFO <C Chain> core/state_processor.go:237 Activating new precompile                name=warpConfig config="{\"blockTimestamp\":1607144400,\"quorumNumerator\":0,\"requirePrimaryNetworkSigners\":false}"
[02-25|17:42:40.873] INFO <C Chain> triedb/hashdb/database.go:546 Persisted trie from memory database      nodes=3 size=406.00B time="210.041µs" gcnodes=0 gcsize=0.00B gctime=0s livenodes=0 livesize=0.00B
[02-25|17:42:40.875] INFO <C Chain> core/blockchain.go:355 
[02-25|17:42:40.875] INFO <C Chain> core/blockchain.go:356 ---------------------------------------------------------------------------------------------------------------------------------------------------------
[02-25|17:42:40.875] INFO <C Chain> core/blockchain.go:358 Chain ID:  43112
[02-25|17:42:40.876] INFO <C Chain> core/blockchain.go:358 Consensus: Dummy Consensus Engine
[02-25|17:42:40.876] INFO <C Chain> core/blockchain.go:358 
[02-25|17:42:40.876] INFO <C Chain> core/blockchain.go:358 Hard Forks (block based):
[02-25|17:42:40.876] INFO <C Chain> core/blockchain.go:358  - Homestead:                   #0        (https://github.com/ethereum/execution-specs/blob/master/network-upgrades/mainnet-upgrades/homestead.md)
[02-25|17:42:40.876] INFO <C Chain> core/blockchain.go:358  - DAO Fork:                    #0        (https://github.com/ethereum/execution-specs/blob/master/network-upgrades/mainnet-upgrades/dao-fork.md)
[02-25|17:42:40.876] INFO <C Chain> core/blockchain.go:358  - Tangerine Whistle (EIP 150): #0        (https://github.com/ethereum/execution-specs/blob/master/network-upgrades/mainnet-upgrades/tangerine-whistle.md)
[02-25|17:42:40.877] INFO <C Chain> core/blockchain.go:358  - Spurious Dragon/1 (EIP 155): #0        (https://github.com/ethereum/execution-specs/blob/master/network-upgrades/mainnet-upgrades/spurious-dragon.md)
[02-25|17:42:40.877] INFO <C Chain> core/blockchain.go:358  - Spurious Dragon/2 (EIP 158): #0        (https://github.com/ethereum/execution-specs/blob/master/network-upgrades/mainnet-upgrades/spurious-dragon.md)
[02-25|17:42:40.877] INFO <C Chain> core/blockchain.go:358  - Byzantium:                   #0        (https://github.com/ethereum/execution-specs/blob/master/network-upgrades/mainnet-upgrades/byzantium.md)
[02-25|17:42:40.877] INFO <C Chain> core/blockchain.go:358  - Constantinople:              #0        (https://github.com/ethereum/execution-specs/blob/master/network-upgrades/mainnet-upgrades/constantinople.md)
[02-25|17:42:40.877] INFO <C Chain> core/blockchain.go:358  - Petersburg:                  #0        (https://github.com/ethereum/execution-specs/blob/master/network-upgrades/mainnet-upgrades/petersburg.md)
[02-25|17:42:40.877] INFO <C Chain> core/blockchain.go:358  - Istanbul:                    #0        (https://github.com/ethereum/execution-specs/blob/master/network-upgrades/mainnet-upgrades/istanbul.md)
[02-25|17:42:40.878] INFO <C Chain> core/blockchain.go:358  - Muir Glacier:                #0        (https://github.com/ethereum/execution-specs/blob/master/network-upgrades/mainnet-upgrades/muir-glacier.md)
[02-25|17:42:40.878] INFO <C Chain> core/blockchain.go:358 Hard forks (timestamp based):
[02-25|17:42:40.878] INFO <C Chain> core/blockchain.go:358  - Cancun Timestamp:              @1607144400 (https://github.com/ethereum/execution-specs/blob/master/network-upgrades/mainnet-upgrades/cancun.md)
[02-25|17:42:40.878] INFO <C Chain> core/blockchain.go:358  - Verkle Timestamp:              @nil       
[02-25|17:42:40.878] INFO <C Chain> core/blockchain.go:358 Avalanche Upgrades (timestamp based):
[02-25|17:42:40.878] INFO <C Chain> core/blockchain.go:358  - Apricot Phase 1 Timestamp:        @1607144400 (https://github.com/ava-labs/avalanchego/releases/tag/v1.3.0)
[02-25|17:42:40.879] INFO <C Chain> core/blockchain.go:358  - Apricot Phase 2 Timestamp:        @1607144400 (https://github.com/ava-labs/avalanchego/releases/tag/v1.4.0)
[02-25|17:42:40.879] INFO <C Chain> core/blockchain.go:358  - Apricot Phase 3 Timestamp:        @1607144400 (https://github.com/ava-labs/avalanchego/releases/tag/v1.5.0)
[02-25|17:42:40.879] INFO <C Chain> core/blockchain.go:358  - Apricot Phase 4 Timestamp:        @1607144400 (https://github.com/ava-labs/avalanchego/releases/tag/v1.6.0)
[02-25|17:42:40.879] INFO <C Chain> core/blockchain.go:358  - Apricot Phase 5 Timestamp:        @1607144400 (https://github.com/ava-labs/avalanchego/releases/tag/v1.7.0)
[02-25|17:42:40.879] INFO <C Chain> core/blockchain.go:358  - Apricot Phase P6 Timestamp        @1607144400 (https://github.com/ava-labs/avalanchego/releases/tag/v1.8.0)
[02-25|17:42:40.879] INFO <C Chain> core/blockchain.go:358  - Apricot Phase 6 Timestamp:        @1607144400 (https://github.com/ava-labs/avalanchego/releases/tag/v1.8.0)
[02-25|17:42:40.880] INFO <C Chain> core/blockchain.go:358  - Apricot Phase Post-6 Timestamp:   @1607144400 (https://github.com/ava-labs/avalanchego/releases/tag/v1.8.0
[02-25|17:42:40.880] INFO <C Chain> core/blockchain.go:358  - Banff Timestamp:                  @1607144400 (https://github.com/ava-labs/avalanchego/releases/tag/v1.9.0)
[02-25|17:42:40.880] INFO <C Chain> core/blockchain.go:358  - Cortina Timestamp:                @1607144400 (https://github.com/ava-labs/avalanchego/releases/tag/v1.10.0)
[02-25|17:42:40.880] INFO <C Chain> core/blockchain.go:358  - Durango Timestamp:                @1607144400 (https://github.com/ava-labs/avalanchego/releases/tag/v1.11.0)
[02-25|17:42:40.880] INFO <C Chain> core/blockchain.go:358  - Etna Timestamp:                   @1607144400 (https://github.com/ava-labs/avalanchego/releases/tag/v1.12.0)
[02-25|17:42:40.880] INFO <C Chain> core/blockchain.go:358  - F-Upgrade Timestamp:              @253399622400 (Unscheduled)
[02-25|17:42:40.881] INFO <C Chain> core/blockchain.go:358 
[02-25|17:42:40.881] INFO <C Chain> core/blockchain.go:358 Upgrade Config: {"precompileUpgrades":[{"warpConfig":{"blockTimestamp":1607144400,"quorumNumerator":0,"requirePrimaryNetworkSigners":false}}]}
[02-25|17:42:40.881] INFO <C Chain> core/blockchain.go:358 
[02-25|17:42:40.881] INFO <C Chain> core/blockchain.go:360 ---------------------------------------------------------------------------------------------------------------------------------------------------------
[02-25|17:42:40.881] INFO <C Chain> core/blockchain.go:361 
[02-25|17:42:40.882] INFO <C Chain> core/blockchain.go:692 Loaded most recent local header          number=0 hash=a98bed..4ea9bc age=4y3mo1w
[02-25|17:42:40.882] INFO <C Chain> core/blockchain.go:693 Loaded most recent local full block      number=0 hash=a98bed..4ea9bc age=4y3mo1w
[02-25|17:42:40.882] INFO <C Chain> core/blockchain.go:1730 Loaded Acceptor tip                      hash=000000..000000
[02-25|17:42:40.882] INFO <C Chain> core/blockchain.go:1738 Skipping state reprocessing              root=1ee7fc..aca09e
[02-25|17:42:40.882] INFO <C Chain> core/blockchain.go:521 Not warming accepted cache because there are no accepted blocks
[02-25|17:42:40.882] INFO <C Chain> core/blockchain.go:546 Starting Acceptor                        "queue length"=64
[02-25|17:42:40.883] INFO <C Chain> core/txpool/legacypool/legacypool.go:480 Legacy pool tip threshold updated        tip=0
[02-25|17:42:40.883] INFO <C Chain> plugin/evm/atomic_tx_repository.go:108 Initializing atomic transaction repository from scratch
[02-25|17:42:40.883] INFO <C Chain> plugin/evm/atomic_tx_repository.go:184 Completed atomic transaction repository migration lastAcceptedHeight=0 duration="189.5µs"
[02-25|17:42:40.884] INFO <C Chain> plugin/evm/atomic_backend.go:129 initializing atomic trie                 lastCommittedHeight=0
[02-25|17:42:40.884] INFO <C Chain> plugin/evm/atomic_backend.go:210 finished initializing atomic trie        lastAcceptedHeight=0 lastAcceptedAtomicRoot=56e81f..63b421 heightsIndexed=0 lastCommittedRoot=56e81f..63b421 lastCommittedHeight=0 time="219.584µs"
[02-25|17:42:40.885] INFO <C Chain> proposervm/vm.go:215 initialized proposervm {"state": "before fork"}
[02-25|17:42:40.886] INFO <C Chain> snowman/engine.go:96 initializing consensus engine
[02-25|17:42:40.887] INFO <C Chain> plugin/evm/vm.go:1479 Enabled APIs: eth, eth-filter, net, web3, internal-eth, internal-blockchain, internal-transaction, avax
[02-25|17:42:40.889] INFO <C Chain> syncer/state_syncer.go:113 starting state sync
[02-25|17:42:40.889] INFO <C Chain> syncer/state_syncer.go:474 starting state sync
[02-25|17:42:45.234] INFO <C Chain> syncer/state_syncer.go:474 starting state sync
[02-25|17:42:45.239] INFO <C Chain> plugin/evm/syncervm_client.go:170 last accepted too close to most recent syncable block, skipping state sync lastAccepted=0 syncableHeight=0
[02-25|17:42:45.240] INFO <C Chain> syncer/state_syncer.go:396 accepted state summary {"summaryID": "vdrZhQbxWasHw1JQuyqJcVPkk18rwFUBF5XeaaVJ857EJCnmT", "syncMode": "Skipped", "numTotalSummaries": 1}
[02-25|17:42:45.241] INFO <C Chain> core/blockchain.go:1706 Initializing snapshots                   async=false rebuild=true headHash=a98bed..4ea9bc headRoot=1ee7fc..aca09e
[02-25|17:42:45.243] WARN <C Chain> core/state/snapshot/snapshot.go:225 Failed to load snapshot, regenerating    err="missing or corrupted snapshot, no snapshot block hash"
[02-25|17:42:45.244] INFO <C Chain> core/state/snapshot/snapshot.go:793 Rebuilding state snapshot
[02-25|17:42:45.245] INFO <C Chain> core/state/snapshot/wipe.go:133 Deleted state snapshot leftovers         kind=accounts wiped=0 elapsed="52.25µs"
[02-25|17:42:45.247] INFO <C Chain> core/state/snapshot/wipe.go:133 Deleted state snapshot leftovers         kind=storage  wiped=0 elapsed="48.291µs"
[02-25|17:42:45.245] INFO <C Chain> core/state/snapshot/snapshot.go:361 Waiting for snapshot generation          root=1ee7fc..aca09e
[02-25|17:42:45.245] INFO <C Chain> core/state/snapshot/context.go:106 Wiper running, state snapshotting paused accounts=0 slots=0 storage=0.00B elapsed="684.666µs"
[02-25|17:42:45.257] INFO <C Chain> core/state/snapshot/generate.go:319 Generated state snapshot                 accounts=2 slots=0 storage=121.00B elapsed=6.180ms
[02-25|17:42:45.269] INFO <C Chain> bootstrap/bootstrapper.go:183 starting bootstrapper {"lastAcceptedID": "2Hfqjde5zeeKJFjVCYfMfsTkw7b3DWc6i7QmRAG4Z85sFMCn7f", "lastAcceptedHeight": 0}
[02-25|17:42:45.272] INFO <C Chain> bootstrap/bootstrapper.go:388 starting to fetch blocks {"numKnownBlocks": 0, "numAcceptedBlocks": 1, "numMissingBlocks": 1}
[02-25|17:42:45.272] INFO <C Chain> bootstrap/storage.go:194 executing blocks {"numToExecute": 0}
[02-25|17:42:45.272] INFO <C Chain> bootstrap/storage.go:186 executed blocks {"numExecuted": 0, "numToExecute": 0, "halted": false, "duration": "255.208µs"}
[02-25|17:42:45.272] INFO <C Chain> bootstrap/bootstrapper.go:715 waiting for the remaining chains in this subnet to finish syncing
[02-25|17:42:45.506] INFO <C Chain> snowman/engine.go:512 starting consensus {"lastAcceptedID": "2Hfqjde5zeeKJFjVCYfMfsTkw7b3DWc6i7QmRAG4Z85sFMCn7f", "lastAcceptedHeight": 0}
[02-25|17:44:51.688] INFO <C Chain> miner/worker.go:516 Commit new mining work                   number=2 hash=eb5c3b..be7ebf uncles=0 txs=1 gas=344,629 fees=0.07538759375 elapsed=1.698ms
[02-25|17:44:51.709] INFO <C Chain> proposervm/block.go:285 built block {"blkID": "21AGvg6RHdQ6Gb4MHoKuZiUhcrzNrHphW8QyzxfRL3X9L7S4Zp", "innerBlkID": "2nexqMzvEZsRouhfHm5nD2ZnCcWx4PaPSRWEgJn4Uz2TwNJPm5", "height": 2, "pChainHeight": 0, "parentTimestamp": "[02-25|17:44:39.000]", "blockTimestamp": "[02-25|17:44:51.000]"}
[02-25|17:45:20.989] INFO <C Chain> miner/worker.go:516 Commit new mining work                   number=6 hash=0bbb7f..c543aa uncles=0 txs=1 gas=344,629 fees=0.0674461192  elapsed=1.241ms
[02-25|17:45:20.998] INFO <C Chain> proposervm/block.go:285 built block {"blkID": "QTSGiUheacUCJWkJkUtR8JZ3zP5XFgnGjzntL8eRaXeFsyPvn", "innerBlkID": "6AgxNDx66x1ZjCMTMQboeVsdA9jxxg7qr9TBY5iBayAv5B6Gm", "height": 6, "pChainHeight": 0, "parentTimestamp": "[02-25|17:45:14.000]", "blockTimestamp": "[02-25|17:45:20.000]"}
