2025-02-25T14:25:47.605 application=api_v2 request_id=GCd5qPFoXmx-tpkAAAwE [info] Sent 200 in 91ms on GET /api/v2/main-page/indexing-status?
2025-02-25T14:25:47.924 application=api_v2 request_id=GCd5qQENA41BzdEAABXG [info] Sent 200 in 148ms on GET /api/v2/transactions/stats?
2025-02-25T14:25:48.084 application=api_v2 request_id=GCd5qQEN0ZuV7KwAAAxk [info] Sent 200 in 308ms on GET /api/v2/stats?
2025-02-25T14:25:48.139 application=api_v2 request_id=GCd5qQOMkfPsP_IAAAyk [info] Sent 200 in 321ms on GET /api/v2/transactions?filter=validated
2025-02-25T14:25:57.826 application=api_v2 request_id=GCd5q1gaH9HGLecAAAci [info] Sent 200 in 133µs on GET /api/v2/config/backend-version?
2025-02-25T14:25:57.878 application=api_v2 request_id=GCd5q1cI7ihmAJ8AAA8k [info] Sent 200 in 70ms on GET /api/v2/stats/charts/transactions?
2025-02-25T14:25:58.023 application=api_v2 request_id=GCd5q1bfJWGWwxUAAA8E [info] Sent 200 in 217ms on GET /api/v2/main-page/indexing-status?
2025-02-25T14:25:58.046 application=api_v2 request_id=GCd5q1Xq4vG3T5QAAA7k [info] Sent 200 in 256ms on GET /api/v2/stats?
2025-02-25T14:25:58.255 application=api_v2 request_id=GCd5q1gZNuiBzNAAAA-k [info] Sent 200 in 429ms on GET /api/v2/main-page/transactions?
2025-02-25T14:25:58.277 application=api_v2 request_id=GCd5q1cgMeKgTNYAAA9k [info] Sent 200 in 467ms on GET /api/v2/main-page/blocks?
2025-02-25T14:26:30.150 application=api_v2 request_id=GCd5stozeYQr6PAAABPk [info] Sent 200 in 76ms on GET /api/v2/stats?
2025-02-25T14:26:49.732 application=api_v2 request_id=GCd5t2n5i_nVdvgAABhk [info] Sent 200 in 66ms on GET /api/v2/stats?
2025-02-25T14:27:21.268 application=api_v2 request_id=GCd5vr6y9x_jaZ4AAB5k [info] Sent 200 in 116ms on GET /api/v2/stats?
2025-02-25T14:27:52.118 application=api_v2 request_id=GCd5xe7KPwwmDxEAAAMq [info] Sent 200 in 93ms on GET /api/v2/stats?
2025-02-25T14:28:23.533 application=api_v2 request_id=GCd5zTRoXlzStfYAADAk [info] Sent 200 in 276ms on GET /api/v2/stats?
2025-02-25T14:28:54.966 application=api_v2 request_id=GCd51JQ7frn4lh8AADTE [info] Sent 200 in 32ms on GET /api/v2/stats?
2025-02-25T14:29:25.487 application=api_v2 request_id=GCd526pnW9HffrsAAC1B [info] Sent 200 in 121ms on GET /api/v2/stats?
2025-02-25T14:29:57.455 application=api_v2 request_id=GCd54x0NTI7uYgkAADOh [info] Sent 200 in 102ms on GET /api/v2/stats?
2025-02-25T14:30:28.419 application=api_v2 request_id=GCd56lSw4pC5cGgAAEQk [info] Sent 200 in 68ms on GET /api/v2/stats?
2025-02-25T14:30:59.425 application=api_v2 request_id=GCd58YxBOsvqI0EAAEbk [info] Sent 200 in 76ms on GET /api/v2/stats?
2025-02-25T14:31:30.403 application=api_v2 request_id=GCd5-MQYzEEVk9cAAEJC [info] Sent 200 in 54ms on GET /api/v2/stats?
2025-02-25T14:32:01.026 application=api_v2 request_id=GCd5_-QW-9oRBowAAFZk [info] Sent 200 in 76ms on GET /api/v2/stats?
2025-02-25T14:32:08.807 application=api_v2 request_id=GCd6AbJHjHsfqeUAAFTn [info] Sent 200 in 100ms on GET /api/v2/main-page/indexing-status?
2025-02-25T14:32:08.902 application=api_v2 request_id=GCd6AbP2LLd_-uEAAEoi [info] Sent 200 in 167ms on GET /api/v2/blocks/0?
2025-02-25T14:32:17.288 application=api_v2 request_id=GCd6A7F6dOHKtKwAAFUH [info] Sent 200 in 5ms on GET /api/v2/main-page/indexing-status?
2025-02-25T14:32:17.304 application=api_v2 request_id=GCd6A7F0JC4l0cgAAD1D [info] Sent 200 in 17ms on GET /api/v2/stats/charts/transactions?
2025-02-25T14:32:17.501 application=api_v2 request_id=GCd6A7Hbw10GGgUAAFWH [info] Sent 200 in 212ms on GET /api/v2/main-page/transactions?
2025-02-25T14:32:17.557 application=api_v2 request_id=GCd6A7HKvhr7zNwAAFVn [info] Sent 200 in 269ms on GET /api/v2/main-page/blocks?
2025-02-25T14:32:31.628 application=api_v2 request_id=GCd6Bwhz4meIxq0AAEvi [info] Sent 200 in 1ms on GET /api/v2/main-page/indexing-status?
2025-02-25T14:32:32.062 application=api_v2 request_id=GCd6Bx6CEUEkQbcAAEwi [info] Sent 200 in 65ms on GET /api/v2/blocks?type=block
2025-02-25T14:32:32.177 application=api_v2 request_id=GCd6ByZCXmDCv44AAEFD [info] Sent 200 in 51ms on GET /api/v2/stats?
2025-02-25T14:32:34.792 application=api_v2 request_id=GCd6B8T1mAp3WtoAAFNB [info] Sent 200 in 3ms on GET /api/v2/main-page/indexing-status?
2025-02-25T14:32:34.850 application=api_v2 request_id=GCd6B8T10qIk5WQAAEzi [info] Sent 200 in 61ms on GET /api/v2/stats/charts/transactions?
2025-02-25T14:32:34.944 application=api_v2 request_id=GCd6B8Tx8cvZ4NgAAEJj [info] Sent 200 in 155ms on GET /api/v2/main-page/blocks?
2025-02-25T14:32:35.041 application=api_v2 request_id=GCd6B8T2WgyFztYAAF2k [info] Sent 200 in 252ms on GET /api/v2/main-page/transactions?
2025-02-25T14:33:03.350 application=api_v2 request_id=GCd6DmV7fzemUmAAAErD [info] Sent 200 in 99ms on GET /api/v2/stats?
2025-02-25T14:33:34.292 application=api_v2 request_id=GCd6FZ22-0k1L2UAAF4B [info] Sent 200 in 32ms on GET /api/v2/stats?
2025-02-25T14:34:05.351 application=api_v2 request_id=GCd6HNdnddt8usEAAGmh [info] Sent 200 in 59ms on GET /api/v2/stats?
2025-02-25T14:34:36.522 application=api_v2 request_id=GCd6JBnUIhXPoRcAAHDk [info] Sent 200 in 51ms on GET /api/v2/stats?
2025-02-25T14:35:07.663 application=api_v2 request_id=GCd6K1ly1Ix9lJUAAGSD [info] Sent 200 in 57ms on GET /api/v2/stats?
2025-02-25T14:35:38.744 application=api_v2 request_id=GCd6MpcR_EMyjWsAAIhB [info] Sent 200 in 42ms on GET /api/v2/stats?
2025-02-25T14:36:09.920 application=api_v2 request_id=GCd6Odf5ZR9xgREAAFvF [info] Sent 200 in 64ms on GET /api/v2/stats?
2025-02-25T14:36:40.977 application=api_v2 request_id=GCd6QRHfbndLokgAAJHB [info] Sent 200 in 85ms on GET /api/v2/stats?
2025-02-25T14:36:59.790 application=api_v2 request_id=GCd6RXg3esIb2YcAAAuC [info] Sent 200 in 119µs on GET /api/v2/config/backend-version?
2025-02-25T14:36:59.884 application=api_v2 request_id=GCd6RXZRNzKjZkQAAAri [info] Sent 200 in 126ms on GET /api/v2/stats/charts/transactions?
2025-02-25T14:37:00.191 application=api_v2 request_id=GCd6RXZDwy9cMasAAAqi [info] Sent 200 in 433ms on GET /api/v2/main-page/indexing-status?
2025-02-25T14:37:00.291 application=api_v2 request_id=GCd6RXVC5yrEOH4AAAqC [info] Sent 200 in 550ms on GET /api/v2/stats?
2025-02-25T14:37:00.387 application=api_v2 request_id=GCd6RXg6ppuCG90AAANo [info] Sent 200 in 597ms on GET /api/v2/main-page/transactions?
2025-02-25T14:37:00.390 application=api_v2 request_id=GCd6RXZlDvM3X90AAAsi [info] Sent 200 in 630ms on GET /api/v2/main-page/blocks?
2025-02-25T14:37:11.632 application=api_v2 request_id=GCd6SDoPkYLWOEgAABAC [info] Sent 200 in 175µs on GET /api/v2/config/backend-version?
2025-02-25T14:37:11.702 application=api_v2 request_id=GCd6SDiN9tMk3U8AAA_C [info] Sent 200 in 95ms on GET /api/v2/stats/charts/transactions?
2025-02-25T14:37:11.884 application=api_v2 request_id=GCd6SDhFxQ7nZdwAAA-i [info] Sent 200 in 282ms on GET /api/v2/main-page/indexing-status?
2025-02-25T14:37:11.907 application=api_v2 request_id=GCd6SDdXuxGzDCIAAA-C [info] Sent 200 in 321ms on GET /api/v2/stats?
2025-02-25T14:37:11.982 application=api_v2 request_id=GCd6SDoPkVhzR0YAAAPl [info] Sent 200 in 350ms on GET /api/v2/main-page/transactions?
2025-02-25T14:37:12.017 application=api_v2 request_id=GCd6SDihHnnuLW0AAA_i [info] Sent 200 in 409ms on GET /api/v2/main-page/blocks?
2025-02-25T15:25:15.280 application=api_v2 request_id=GCd856AgBiYlevwAAUQo [info] Sent 200 in 9ms on GET /api/v2/main-page/indexing-status?
2025-02-25T15:25:15.287 application=api_v2 request_id=GCd856EYkMZsZYYAAZMl [info] Sent 200 in 261µs on GET /api/v2/config/backend-version?
2025-02-25T15:25:15.302 application=api_v2 request_id=GCd856Bi0pI_avAAAZLl [info] Sent 200 in 26ms on GET /api/v2/stats/charts/transactions?
2025-02-25T15:25:15.404 application=api_v2 request_id=GCd8559Gt8emjQkAAUQI [info] Sent 200 in 147ms on GET /api/v2/stats?
2025-02-25T15:25:15.583 application=api_v2 request_id=GCd856B0uMTlvcYAAZMF [info] Sent 200 in 306ms on GET /api/v2/main-page/blocks?
2025-02-25T15:25:15.643 application=api_v2 request_id=GCd856EZVwQshjoAAURI [info] Sent 200 in 356ms on GET /api/v2/main-page/transactions?
2025-02-25T15:25:37.462 application=api_v2 request_id=GCd87MrHPkB5GekAAmgh [info] Sent 200 in 93µs on GET /api/v2/config/backend-version?
2025-02-25T15:25:37.483 application=api_v2 request_id=GCd87MoD6ylv0oAAAUko [info] Sent 200 in 33ms on GET /api/v2/stats/charts/transactions?
2025-02-25T15:25:37.502 application=api_v2 request_id=GCd87MkOfzJWsxUAAUkI [info] Sent 200 in 69ms on GET /api/v2/stats?
2025-02-25T15:25:37.609 application=api_v2 request_id=GCd87MrHPkBso-AAAUlI [info] Sent 200 in 147ms on GET /api/v2/main-page/transactions?
2025-02-25T15:25:37.665 application=api_v2 request_id=GCd87Mn02OzPqEUAAZcl [info] Sent 200 in 217ms on GET /api/v2/main-page/indexing-status?
2025-02-25T15:25:37.671 application=api_v2 request_id=GCd87Mot-cOwEMoAAZdF [info] Sent 200 in 219ms on GET /api/v2/main-page/blocks?
2025-02-25T15:25:43.078 application=api_v2 request_id=GCd87hWtqxQ7wyYAAmmB [info] Sent 200 in 64ms on GET /api/v2/stats?
2025-02-25T15:26:26.448 application=api_v2 request_id=GCd8-DLFQtGjrUQAAAYF [info] Sent 200 in 214µs on GET /api/v2/config/backend-version?
2025-02-25T15:26:26.526 application=api_v2 request_id=GCd8-C9_H_7j1_UAABCB [info] Sent 200 in 133ms on GET /api/v2/stats/charts/transactions?
2025-02-25T15:26:26.872 application=api_v2 request_id=GCd8-C9fGw0_iRYAABBB [info] Sent 200 in 482ms on GET /api/v2/main-page/indexing-status?
2025-02-25T15:26:27.047 application=api_v2 request_id=GCd8-C5xHMiAURcAABAh [info] Sent 200 in 671ms on GET /api/v2/stats?
2025-02-25T15:26:27.113 application=api_v2 request_id=GCd8-C9_qYYQ6dEAAAXF [info] Sent 200 in 720ms on GET /api/v2/main-page/blocks?
2025-02-25T15:26:27.124 application=api_v2 request_id=GCd8-DLEoDjx_8UAABDB [info] Sent 200 in 676ms on GET /api/v2/main-page/transactions?
2025-02-25T15:26:36.208 application=api_v2 request_id=GCd8-nPTKOlhbUkAADFi [info] Sent 200 in 79ms on GET /api/v2/main-page/indexing-status?
2025-02-25T15:26:36.632 application=api_v2 request_id=GCd8-oqZXU1VPnIAADGi [info] Sent 200 in 120ms on GET /api/v2/blocks?type=block
2025-02-25T15:26:36.794 application=api_v2 request_id=GCd8-pTq6h5au5YAAApl [info] Sent 200 in 109ms on GET /api/v2/stats?
2025-02-25T15:26:40.653 application=api_v2 request_id=GCd8-4FJk_GSuWYAAAjH [info] Sent 200 in 3ms on GET /api/v2/main-page/indexing-status?
2025-02-25T15:26:40.682 application=api_v2 request_id=GCd8-4FIKNPjnIwAAAMG [info] Sent 200 in 32ms on GET /api/v2/stats/charts/transactions?
2025-02-25T15:26:40.967 application=api_v2 request_id=GCd8-4FAp3Aiw_kAABch [info] Sent 200 in 318ms on GET /api/v2/main-page/blocks?
2025-02-25T15:26:40.986 application=api_v2 request_id=GCd8-4FAmR2hViIAAAtF [info] Sent 200 in 336ms on GET /api/v2/main-page/transactions?
2025-02-25T15:26:43.813 application=api_v2 request_id=GCd8_Di-peQJn4sAAADJ [info] Sent 200 in 85ms on GET /api/v2/main-page/indexing-status?
2025-02-25T15:26:43.976 application=api_v2 request_id=GCd8_EU8F8o2YgEAAAzF [info] Sent 200 in 39ms on GET /api/v2/transactions/stats?
2025-02-25T15:26:44.145 application=api_v2 request_id=GCd8_EU8py6WnrcAAADp [info] Sent 200 in 208ms on GET /api/v2/stats?
2025-02-25T15:26:44.221 application=api_v2 request_id=GCd8_EcD89KFhhoAAA0F [info] Sent 200 in 254ms on GET /api/v2/transactions?filter=validated
2025-02-25T15:26:47.097 application=api_v2 request_id=GCd8_QGBEEbKDXkAAA4l [info] Sent 200 in 1ms on GET /api/v2/main-page/indexing-status?
2025-02-25T15:26:47.136 application=api_v2 request_id=GCd8_QGNuKzGkkIAAAJj [info] Sent 200 in 39ms on GET /api/v2/stats/charts/transactions?
2025-02-25T15:26:47.195 application=api_v2 request_id=GCd8_QGdksdVTz8AAAmH [info] Sent 200 in 97ms on GET /api/v2/main-page/transactions?
2025-02-25T15:26:47.224 application=api_v2 request_id=GCd8_QGeYKvnlw0AAAKD [info] Sent 200 in 126ms on GET /api/v2/main-page/blocks?
2025-02-25T15:26:55.318 application=api_v2 request_id=GCd8_upR3HmYkYkAAArH [info] Sent 200 in 16ms on GET /api/v2/main-page/indexing-status?
2025-02-25T15:26:55.456 application=api_v2 request_id=GCd8_u_IGBAHZxsAAA_F [info] Sent 200 in 68ms on GET /api/v2/addresses/?
2025-02-25T15:26:56.533 application=api_v2 request_id=GCd8_zODvUnDUVsAAAUj [info] Sent 200 in 8ms on GET /api/v2/main-page/indexing-status?
2025-02-25T15:26:56.533 application=api_v2 request_id=GCd8_zOEM8a8TQsAABAF [info] Sent 200 in 8ms on GET /api/v2/stats/charts/transactions?
2025-02-25T15:26:56.809 application=api_v2 request_id=GCd8_zQKsppM5OYAAAVD [info] Sent 200 in 276ms on GET /api/v2/main-page/blocks?
2025-02-25T15:26:56.851 application=api_v2 request_id=GCd8_zQB92lxlhgAABAl [info] Sent 200 in 318ms on GET /api/v2/main-page/transactions?
2025-02-25T15:26:58.153 application=api_v2 request_id=GCd8_5RkgltWNxAAAAWD [info] Sent 200 in 3ms on GET /api/v2/main-page/indexing-status?
2025-02-25T15:26:58.291 application=api_v2 request_id=GCd8_5yBqFtBLm8AAAXD [info] Sent 200 in 4ms on GET /api/v2/smart-contracts?
2025-02-25T15:26:58.339 application=api_v2 request_id=GCd8_5wLRBdCm5gAAAWj [info] Sent 200 in 61ms on GET /api/v2/smart-contracts/counters?
2025-02-25T15:26:59.478 application=api_v2 request_id=GCd8_-LUa44mqPUAABBl [info] Sent 200 in 12ms on GET /api/v2/main-page/indexing-status?
2025-02-25T15:26:59.505 application=api_v2 request_id=GCd8_-L52w3TRkEAAB1B [info] Sent 200 in 36ms on GET /api/v2/stats/charts/transactions?
2025-02-25T15:26:59.677 application=api_v2 request_id=GCd8_-LsWtXnze8AAB0h [info] Sent 200 in 209ms on GET /api/v2/main-page/transactions?
2025-02-25T15:26:59.707 application=api_v2 request_id=GCd8_-LmO8aSm-4AAB0B [info] Sent 200 in 240ms on GET /api/v2/main-page/blocks?
2025-02-25T15:27:16.246 application=api_v2 request_id=GCd9A8fsaPOIIwcAADbi [info] Sent 200 in 51ms on GET /api/v2/stats?
2025-02-25T15:27:27.952 application=api_v2 request_id=GCd9Bn1khuNTHEgAACQB [info] Sent 200 in 122ms on GET /api/v2/stats?
2025-02-25T15:27:58.516 application=api_v2 request_id=GCd9DZyXCQzRZlIAABFE [info] Sent 200 in 97ms on GET /api/v2/stats?
2025-02-25T15:28:00.486 application=api_v2 request_id=GCd9DhQRqAUjzuYAACGl [info] Sent 200 in 62ms on GET /api/v2/stats?
2025-02-25T15:28:31.462 application=api_v2 request_id=GCd9FUuIHu2DS8wAABfj [info] Sent 200 in 44ms on GET /api/v2/stats?
2025-02-25T15:29:02.482 application=api_v2 request_id=GCd9HINiPWIffJUAAB9D [info] Sent 200 in 59ms on GET /api/v2/stats?
2025-02-25T15:29:33.507 application=api_v2 request_id=GCd9I7r_XUIWwsgAADjF [info] Sent 200 in 87ms on GET /api/v2/stats?
2025-02-25T15:30:04.499 application=api_v2 request_id=GCd9KvJ8tgo_bGgAADxF [info] Sent 200 in 83ms on GET /api/v2/stats?
2025-02-25T15:30:35.460 application=api_v2 request_id=GCd9Miqu6k5Zdc4AAEUF [info] Sent 200 in 36ms on GET /api/v2/stats?
2025-02-25T15:31:06.464 application=api_v2 request_id=GCd9OWJWEoqFQMoAAEmF [info] Sent 200 in 41ms on GET /api/v2/stats?
2025-02-25T15:31:37.468 application=api_v2 request_id=GCd9QJn70KKoJxYAAFGF [info] Sent 200 in 46ms on GET /api/v2/stats?
2025-02-25T15:32:09.495 application=api_v2 request_id=GCd9SA0zEzEBFesAAFpl [info] Sent 200 in 75ms on GET /api/v2/stats?
2025-02-25T15:32:35.672 application=api_v2 request_id=GCd9TintfhhzaaAAAF5l [info] Sent 200 in 175µs on GET /api/v2/main-page/indexing-status?
2025-02-25T15:32:35.755 application=api_v2 request_id=GCd9Tiu2HR02EgAAAF6F [info] Sent 200 in 53ms on GET /api/v2/blocks/1?
2025-02-25T15:32:40.474 application=api_v2 request_id=GCd9Tz9fjfouX7UAAEik [info] Sent 200 in 148ms on GET /api/v2/blocks/1/transactions?
2025-02-25T15:32:43.836 application=api_v2 request_id=GCd9T_kRmmEzKyUAAGFl [info] Sent 200 in 394ms on GET /api/v2/transactions/0xfd78110a165c43226a34269cd7bf7780212139d002086d57c3450869946e1708?
2025-02-25T15:32:54.961 application=api_v2 request_id=GCd9UqXNmLrNTq0AAGLl [info] Sent 200 in 30ms on GET /api/v2/transactions/0xfd78110a165c43226a34269cd7bf7780212139d002086d57c3450869946e1708/token-transfers?type=
2025-02-25T15:32:55.798 application=api_v2 request_id=GCd9UtVz_fTbyjIAAGMl [info] Sent 200 in 68ms on GET /api/v2/transactions/0xfd78110a165c43226a34269cd7bf7780212139d002086d57c3450869946e1708/internal-transactions?
2025-02-25T15:32:56.438 application=api_v2 request_id=GCd9Uv0L1s9cGZAAAGNF [info] Sent 200 in 44ms on GET /api/v2/transactions/0xfd78110a165c43226a34269cd7bf7780212139d002086d57c3450869946e1708/logs?
2025-02-25T15:32:57.265 application=api_v2 request_id=GCd9UyG0y6OigysAAGPF [info] Sent 200 in 256ms on GET /api/v2/transactions/0xfd78110a165c43226a34269cd7bf7780212139d002086d57c3450869946e1708/state-changes?
2025-02-25T15:33:03.900 application=api_v2 request_id=GCd9VLifXIct2y0AAEtk [info] Sent 500 in 64ms on GET /api/v2/transactions/0xfd78110a165c43226a34269cd7bf7780212139d002086d57c3450869946e1708/raw-trace?
2025-02-25T15:33:07.175 application=api_v2 request_id=GCd9VXv28hoba20AAAxo [info] Sent 500 in 58ms on GET /api/v2/transactions/0xfd78110a165c43226a34269cd7bf7780212139d002086d57c3450869946e1708/raw-trace?
2025-02-25T15:33:08.225 application=api_v2 request_id=GCd9VbB3f9cvcxcAAGal [info] Sent 200 in 231ms on GET /api/v2/transactions/0xfd78110a165c43226a34269cd7bf7780212139d002086d57c3450869946e1708/state-changes?
2025-02-25T15:33:08.693 application=api_v2 request_id=GCd9VdZQ4Hk6PtsAAGbF [info] Sent 200 in 63ms on GET /api/v2/transactions/0xfd78110a165c43226a34269cd7bf7780212139d002086d57c3450869946e1708/logs?
2025-02-25T15:33:09.352 application=api_v2 request_id=GCd9Vf18WDckp_0AAHOh [info] Sent 200 in 65ms on GET /api/v2/transactions/0xfd78110a165c43226a34269cd7bf7780212139d002086d57c3450869946e1708/internal-transactions?
2025-02-25T15:33:09.956 application=api_v2 request_id=GCd9ViP5zt73EP0AAHQB [info] Sent 200 in 23ms on GET /api/v2/transactions/0xfd78110a165c43226a34269cd7bf7780212139d002086d57c3450869946e1708/token-transfers?type=
2025-02-25T15:33:13.786 application=api_v2 request_id=GCd9VwmnLf61hRwAAHZB [info] Sent 200 in 153µs on GET /api/v2/main-page/indexing-status?
2025-02-25T15:33:13.837 application=api_v2 request_id=GCd9Vwmv9gqRvTUAAGeF [info] Sent 200 in 50ms on GET /api/v2/stats/charts/transactions?
2025-02-25T15:33:13.919 application=api_v2 request_id=GCd9VwnKj0gkZrEAAHah [info] Sent 200 in 131ms on GET /api/v2/main-page/blocks?
2025-02-25T15:33:13.969 application=api_v2 request_id=GCd9VwnLEAdKC8EAADzm [info] Sent 200 in 181ms on GET /api/v2/main-page/transactions?
2025-02-25T15:34:26.877 application=api_v2 request_id=GCd9aA4nnCJJyoIAAHIF [info] Sent 200 in 327µs on GET /api/v2/main-page/indexing-status?
2025-02-25T15:38:30.352 application=api_v2 request_id=GCd9oL7BKFWKG80AAL4B [info] Sent 200 in 499µs on GET /api/v2/main-page/indexing-status?
2025-02-25T15:38:30.687 application=api_v2 request_id=GCd9oMLczoDklCsAAJTl [info] Sent 200 in 267ms on GET /api/v2/transactions/0xfd78110a165c43226a34269cd7bf7780212139d002086d57c3450869946e1708?
2025-02-25T15:38:35.235 application=api_v2 request_id=GCd9oeHcn38p71UAAJYF [info] Sent 200 in 272µs on GET /api/v2/main-page/indexing-status?
2025-02-25T15:38:35.241 application=api_v2 request_id=GCd9oeIb1pqmW8YAAIgk [info] Sent 200 in 1ms on GET /api/v2/stats/charts/transactions?
2025-02-25T15:38:35.252 application=api_v2 request_id=GCd9oeLdqZVud7gAAJYl [info] Sent 200 in 128µs on GET /api/v2/config/backend-version?
2025-02-25T15:38:35.266 application=api_v2 request_id=GCd9oeDnteipq3AAAIgE [info] Sent 200 in 46ms on GET /api/v2/stats?
2025-02-25T15:38:35.298 application=api_v2 request_id=GCd9oeI19hoACd0AAIhE [info] Sent 200 in 57ms on GET /api/v2/main-page/blocks?
2025-02-25T15:38:35.310 application=api_v2 request_id=GCd9oeLH8A_lQBIAAIhk [info] Sent 200 in 58ms on GET /api/v2/main-page/transactions?
2025-02-25T15:38:53.481 application=api_v2 request_id=GCd9ph5FcPTT8Z4AAMTh [info] Sent 200 in 52ms on GET /api/v2/stats?
2025-02-25T15:39:24.488 application=api_v2 request_id=GCd9rVZRcZkmK7gAAMih [info] Sent 200 in 54ms on GET /api/v2/stats?
2025-02-25T15:39:55.526 application=api_v2 request_id=GCd9tI4ZS8k1gLUAANHh [info] Sent 200 in 87ms on GET /api/v2/stats?
2025-02-25T15:40:26.462 application=api_v2 request_id=GCd9u8ZA3Y7DEsQAANgB [info] Sent 200 in 21ms on GET /api/v2/stats?
2025-02-25T15:40:57.464 application=api_v2 request_id=GCd9wvzyQsHVPEkAAJVk [info] Sent 200 in 39ms on GET /api/v2/stats?
2025-02-25T15:41:28.449 application=api_v2 request_id=GCd9yjTSHfabGfwAAJlE [info] Sent 200 in 21ms on GET /api/v2/stats?
2025-02-25T15:41:59.448 application=api_v2 request_id=GCd90Wx612c8IUEAADPI [info] Sent 200 in 21ms on GET /api/v2/stats?
2025-02-25T15:42:30.447 application=api_v2 request_id=GCd92KLXUEKfyC4AAOeh [info] Sent 200 in 46ms on GET /api/v2/stats?
2025-02-25T15:42:56.804 application=api_v2 request_id=GCd93smV24HncnwAAKak [info] Sent 200 in 619µs on GET /api/v2/main-page/indexing-status?
2025-02-25T15:42:57.078 application=api_v2 request_id=GCd93thC_DZALmUAAD6o [info] Sent 200 in 29ms on GET /api/v2/transactions/stats?
2025-02-25T15:42:57.084 application=api_v2 request_id=GCd93thDO7ACLHoAAKbE [info] Sent 200 in 34ms on GET /api/v2/stats?
2025-02-25T15:42:57.323 application=api_v2 request_id=GCd93ttyH_4MymEAAD7I [info] Sent 200 in 221ms on GET /api/v2/transactions?filter=validated
2025-02-25T15:43:03.977 application=api_v2 request_id=GCd94HGbaOfVCowAAKgE [info] Sent 200 in 60ms on GET /api/v2/stats?
2025-02-25T15:43:11.024 application=api_v2 request_id=GCd94hl7Wl4wbeEAAKik [info] Sent 200 in 228µs on GET /api/v2/main-page/indexing-status?
2025-02-25T15:43:11.408 application=api_v2 request_id=GCd94i8R1AoMLvgAAKjk [info] Sent 200 in 22ms on GET /api/v2/blocks?type=block
2025-02-25T15:43:11.589 application=api_v2 request_id=GCd94jjN-M-fO78AAKkE [info] Sent 200 in 39ms on GET /api/v2/stats?
2025-02-25T15:43:16.173 application=api_v2 request_id=GCd940SS98lYoN4AAPQB [info] Sent 200 in 131ms on GET /api/v2/addresses/0x0100000000000000000000000000000000000000/tabs-counters?
2025-02-25T15:43:16.278 application=api_v2 request_id=GCd940SURKFG-GUAAKnk [info] Sent 200 in 236ms on GET /api/v2/addresses/0x0100000000000000000000000000000000000000?
2025-02-25T15:43:16.294 application=api_v2 request_id=GCd940STrzc8mFwAAMUF [info] Sent 200 in 252ms on GET /api/v2/addresses/0x0100000000000000000000000000000000000000/transactions?
2025-02-25T15:43:16.500 application=api_v2 request_id=GCd941-3sc-lcGgAAKuE [info] Sent 200 in 2ms on GET /api/v2/addresses/0x0100000000000000000000000000000000000000/counters?
2025-02-25T15:43:23.259 application=api_v2 request_id=GCd95O_RPsvMlR4AAPbh [info] Sent 200 in 27ms on GET /api/v2/addresses/0x0100000000000000000000000000000000000000/blocks-validated?
2025-02-25T15:43:29.059 application=api_v2 request_id=GCd95kqc4WR5jD8AAJ0j [info] Sent 200 in 9ms on GET /api/v2/addresses/0x0100000000000000000000000000000000000000/transactions?
2025-02-25T15:43:30.949 application=api_v2 request_id=GCd95rtume8-ohMAAPih [info] Sent 200 in 6ms on GET /api/v2/blocks?type=block
2025-02-25T15:43:30.990 application=api_v2 request_id=GCd95rxYmzV0LbgAAPjB [info] Sent 200 in 32ms on GET /api/v2/stats?
2025-02-25T15:43:32.360 application=api_v2 request_id=GCd95w_xNrZi8NEAAPmB [info] Sent 200 in 231µs on GET /api/v2/main-page/indexing-status?
2025-02-25T15:43:32.363 application=api_v2 request_id=GCd95w_-E4Vg2DsAANIC [info] Sent 200 in 1ms on GET /api/v2/stats/charts/transactions?
2025-02-25T15:43:32.403 application=api_v2 request_id=GCd95xAYRzM4YKEAAJ3D [info] Sent 200 in 40ms on GET /api/v2/main-page/blocks?
2025-02-25T15:43:32.447 application=api_v2 request_id=GCd95xA9K926DLgAAJ4D [info] Sent 200 in 81ms on GET /api/v2/main-page/transactions?
2025-02-25T15:43:37.957 application=api_v2 request_id=GCd96F178IJZhx8AAPph [info] Sent 200 in 169µs on GET /api/v2/main-page/indexing-status?
2025-02-25T15:43:38.230 application=api_v2 request_id=GCd96GpUkf_fzOEAAK5k [info] Sent 200 in 57ms on GET /api/v2/transactions/stats?
2025-02-25T15:43:38.304 application=api_v2 request_id=GCd96GpBGcgweV4AAPqB [info] Sent 200 in 132ms on GET /api/v2/stats?
2025-02-25T15:43:38.313 application=api_v2 request_id=GCd96GunOh8AmBsAAK6k [info] Sent 200 in 105ms on GET /api/v2/transactions?filter=validated
2025-02-25T15:43:41.090 application=api_v2 request_id=GCd96QvCJ8ahYIAAAPsB [info] Sent 200 in 209ms on GET /api/v2/transactions/0x3bc564be9c8569f463d0cb41441b8e56fef897481cca78f2f9ea2b1607f719c1?
2025-02-25T15:43:44.074 application=api_v2 request_id=GCd96b5QRsuRpfsAALDE [info] Sent 200 in 198ms on GET /api/v2/addresses/0x6bD88B845F6e1F49f02751C024D88B8d04A35ee4/tabs-counters?
2025-02-25T15:43:44.148 application=api_v2 request_id=GCd96b5Rx7nPSo0AAJ7D [info] Sent 200 in 271ms on GET /api/v2/addresses/0x6bD88B845F6e1F49f02751C024D88B8d04A35ee4/transactions?
2025-02-25T15:43:44.185 application=api_v2 request_id=GCd96b5NwE9bkxcAAPth [info] Sent 200 in 308ms on GET /api/v2/addresses/0x6bD88B845F6e1F49f02751C024D88B8d04A35ee4?
2025-02-25T15:43:44.216 application=api_v2 request_id=GCd96dJmLfE18lkAAC3p [info] Sent 200 in 2ms on GET /api/v2/addresses/0x6bD88B845F6e1F49f02751C024D88B8d04A35ee4/counters?
2025-02-25T15:43:47.034 application=api_v2 request_id=GCd96nl85w0itKkAALJk [info] Sent 200 in 17ms on GET /api/v2/transactions/stats?
2025-02-25T15:43:47.050 application=api_v2 request_id=GCd96nl87Wa3InIAAPuh [info] Sent 200 in 33ms on GET /api/v2/stats?
2025-02-25T15:43:47.058 application=api_v2 request_id=GCd96nmAD6WyCW0AAJ9D [info] Sent 200 in 40ms on GET /api/v2/transactions?filter=validated
2025-02-25T15:43:47.780 application=api_v2 request_id=GCd96qcBmOWlGAYAAKaG [info] Sent 200 in 161µs on GET /api/v2/main-page/indexing-status?
2025-02-25T15:43:47.788 application=api_v2 request_id=GCd96qb3OFJpXQQAAKZm [info] Sent 200 in 8ms on GET /api/v2/stats/charts/transactions?
2025-02-25T15:43:47.810 application=api_v2 request_id=GCd96qb05j6m9sMAAJ-D [info] Sent 200 in 30ms on GET /api/v2/main-page/blocks?
2025-02-25T15:43:47.865 application=api_v2 request_id=GCd96qcBoYXVer4AAPvB [info] Sent 200 in 84ms on GET /api/v2/main-page/transactions?
2025-02-25T15:44:03.376 application=api_v2 request_id=GCd97kS4dy4fLI8AAKlG [info] Sent 200 in 65ms on GET /api/v2/stats?
2025-02-25T15:44:34.559 application=api_v2 request_id=GCd99YhEMWiV--wAAQOB [info] Sent 200 in 50ms on GET /api/v2/stats?
2025-02-25T15:44:38.491 application=api_v2 request_id=GCd99nWYtbYhoQQAAQPh [info] Sent 200 in 227µs on GET /api/v2/main-page/indexing-status?
2025-02-25T15:44:38.754 application=api_v2 request_id=GCd99oULmYjJ5hoAANJF [info] Sent 200 in 4ms on GET /api/v2/transactions/stats?
2025-02-25T15:44:38.794 application=api_v2 request_id=GCd99oUMC_Rcpf8AAQQB [info] Sent 200 in 44ms on GET /api/v2/stats?
2025-02-25T15:44:38.866 application=api_v2 request_id=GCd99oeqsf3Wz6wAAQQh [info] Sent 200 in 72ms on GET /api/v2/transactions?filter=validated
2025-02-25T15:45:09.054 application=api_v2 request_id=GCd9_ZCBpLNa5CIAAHrH [info] Sent 200 in 47ms on GET /api/v2/stats?
2025-02-25T15:45:36.619 application=api_v2 request_id=GCd-A_v2_tuxBqUAANvl [info] Sent 200 in 39ms on GET /api/v2/stats?
2025-02-25T15:46:07.744 application=api_v2 request_id=GCd-CzrOqyHao7IAAOHF [info] Sent 200 in 46ms on GET /api/v2/stats?
2025-02-25T15:46:38.840 application=api_v2 request_id=GCd-Ene6M8XH6AEAAOul [info] Sent 200 in 51ms on GET /api/v2/stats?
2025-02-25T15:47:09.928 application=api_v2 request_id=GCd-GbQzvU8Kw4kAAPKF [info] Sent 200 in 63ms on GET /api/v2/stats?
2025-02-25T15:47:40.951 application=api_v2 request_id=GCd-IO8fri66_UAAAPnF [info] Sent 200 in 28ms on GET /api/v2/stats?
2025-02-25T15:48:12.080 application=api_v2 request_id=GCd-KC4hOOBui5gAAQBl [info] Sent 200 in 41ms on GET /api/v2/stats?
2025-02-25T15:48:43.156 application=api_v2 request_id=GCd-L2jjp0gN0x0AAPCk [info] Sent 200 in 66ms on GET /api/v2/stats?
2025-02-25T15:49:14.241 application=api_v2 request_id=GCd-NqYLE06LPt8AAQgF [info] Sent 200 in 60ms on GET /api/v2/stats?
2025-02-25T15:49:45.273 application=api_v2 request_id=GCd-PeLsXJKhu4EAAJ_H [info] Sent 200 in 6ms on GET /api/v2/stats?
2025-02-25T15:50:16.381 application=api_v2 request_id=GCd-RR-kn2d5OWgAAKMn [info] Sent 200 in 31ms on GET /api/v2/stats?
2025-02-25T15:50:47.499 application=api_v2 request_id=GCd-TF73tJy62DoAAKan [info] Sent 200 in 22ms on GET /api/v2/stats?
2025-02-25T15:51:18.573 application=api_v2 request_id=GCd-U5reuTImQ2EAAK2H [info] Sent 200 in 27ms on GET /api/v2/stats?
2025-02-25T15:51:49.624 application=api_v2 request_id=GCd-WtScXogURmsAAP2m [info] Sent 200 in 34ms on GET /api/v2/stats?
2025-02-25T15:52:06.274 application=api_v2 request_id=GCd-Xre0dlq_esUAAOCj [info] Sent 200 in 265µs on GET /api/v2/main-page/indexing-status?
2025-02-25T15:52:06.281 application=api_v2 request_id=GCd-XrbUMW6ndi4AAQEG [info] Sent 200 in 21ms on GET /api/v2/stats?
2025-02-25T15:52:06.283 application=api_v2 request_id=GCd-XrfB2J8fO8sAAVOh [info] Sent 200 in 8ms on GET /api/v2/stats/charts/transactions?
2025-02-25T15:52:06.283 application=api_v2 request_id=GCd-XrfkKxTq5McAAQEm [info] Sent 200 in 5ms on GET /api/v2/main-page/blocks?
2025-02-25T15:52:06.288 application=api_v2 request_id=GCd-XriLd7EX0FIAAQFG [info] Sent 200 in 140µs on GET /api/v2/config/backend-version?
2025-02-25T15:52:06.411 application=api_v2 request_id=GCd-XrhmXAWSr4wAAVPB [info] Sent 200 in 125ms on GET /api/v2/main-page/transactions?
2025-02-25T15:52:20.842 application=api_v2 request_id=GCd-Yhr5nb6dl0YAAQLG [info] Sent 200 in 17ms on GET /api/v2/stats?
2025-02-25T15:52:51.780 application=api_v2 request_id=GCd-aU2ZPei4cKEAAQjm [info] Sent 200 in 42ms on GET /api/v2/stats?
2025-02-25T15:53:22.970 application=api_v2 request_id=GCd-cJHnfIXNW-wAARAG [info] Sent 200 in 20ms on GET /api/v2/stats?
2025-02-25T15:53:53.999 application=api_v2 request_id=GCd-d8sDIBBXda8AARPG [info] Sent 200 in 26ms on GET /api/v2/stats?
2025-02-25T15:54:25.071 application=api_v2 request_id=GCd-fwXyLKq8heMAAPYD [info] Sent 200 in 45ms on GET /api/v2/stats?
2025-02-25T15:54:56.136 application=api_v2 request_id=GCd-hkFd3nPRkdgAAPtj [info] Sent 200 in 49ms on GET /api/v2/stats?
2025-02-25T15:55:27.165 application=api_v2 request_id=GCd-jXwKjnPzThoAATfC [info] Sent 200 in 28ms on GET /api/v2/stats?
2025-02-25T15:55:58.318 application=api_v2 request_id=GCd-lLzRqm34diwAAUGC [info] Sent 200 in 32ms on GET /api/v2/stats?
2025-02-25T15:56:29.387 application=api_v2 request_id=GCd-m_gMtUyd1n8AASgk [info] Sent 200 in 39ms on GET /api/v2/stats?
2025-02-25T15:57:00.428 application=api_v2 request_id=GCd-ozMhQIlQg7EAAU2i [info] Sent 200 in 26ms on GET /api/v2/stats?
2025-02-25T15:57:31.556 application=api_v2 request_id=GCd-qnOzK309uiUAARdD [info] Sent 200 in 6ms on GET /api/v2/stats?
2025-02-25T15:58:02.580 application=api_v2 request_id=GCd-sau0L04t720AAV9C [info] Sent 200 in 26ms on GET /api/v2/stats?
2025-02-25T15:58:33.649 application=api_v2 request_id=GCd-uOgeUiJYOIgAAWVi [info] Sent 200 in 16ms on GET /api/v2/stats?
2025-02-25T15:59:04.768 application=api_v2 request_id=GCd-wCTSYPSOvl4AAS1j [info] Sent 200 in 52ms on GET /api/v2/stats?
2025-02-25T15:59:35.852 application=api_v2 request_id=GCd-x2O9L6q5cxgAAUrk [info] Sent 200 in 17ms on GET /api/v2/stats?
2025-02-25T16:00:06.868 application=api_v2 request_id=GCd-zpzlEP9aOkoAATmD [info] Sent 200 in 8ms on GET /api/v2/stats?
2025-02-25T16:00:38.024 application=api_v2 request_id=GCd-1dx3RTlc7dkAAVXE [info] Sent 200 in 34ms on GET /api/v2/stats?
2025-02-25T16:01:09.154 application=api_v2 request_id=GCd-3Rsk8_sjMpYAAOJH [info] Sent 200 in 48ms on GET /api/v2/stats?
2025-02-25T16:01:40.233 application=api_v2 request_id=GCd-5FkRajku1i0AAWMk [info] Sent 200 in 21ms on GET /api/v2/stats?
2025-02-25T16:02:11.275 application=api_v2 request_id=GCd-65MZYXDCQyUAAWzk [info] Sent 200 in 28ms on GET /api/v2/stats?
2025-02-25T16:02:42.428 application=api_v2 request_id=GCd-8tL3WK8wKZ4AAOgH [info] Sent 200 in 44ms on GET /api/v2/stats?
2025-02-25T16:03:13.504 application=api_v2 request_id=GCd--g7ieIrsk98AAZ4i [info] Sent 200 in 50ms on GET /api/v2/stats?
2025-02-25T16:03:44.551 application=api_v2 request_id=GCd_AUsAl-Um5r8AAV4D [info] Sent 200 in 24ms on GET /api/v2/stats?
2025-02-25T16:04:15.642 application=api_v2 request_id=GCd_CIgd3MzW3LUAAYkF [info] Sent 200 in 25ms on GET /api/v2/stats?
2025-02-25T16:04:46.721 application=api_v2 request_id=GCd_D8QdXM1884EAAYQE [info] Sent 200 in 32ms on GET /api/v2/stats?
2025-02-25T16:05:17.788 application=api_v2 request_id=GCd_FwE9J18VFwYAAWij [info] Sent 200 in 8ms on GET /api/v2/stats?
2025-02-25T16:05:48.843 application=api_v2 request_id=GCd_HjuWTXc_69UAAWsD [info] Sent 200 in 22ms on GET /api/v2/stats?
2025-02-25T16:06:19.966 application=api_v2 request_id=GCd_JXp0C8YzVMgAAW2D [info] Sent 200 in 24ms on GET /api/v2/stats?
2025-02-25T16:11:14.492 application=api_v2 request_id=GCd_ag6zHp1zzHoAAB0C [info] Sent 200 in 174µs on GET /api/v2/config/backend-version?
2025-02-25T16:11:14.575 application=api_v2 request_id=GCd_ag6q7unznRYAABzC [info] Sent 200 in 85ms on GET /api/v2/stats/charts/transactions?
2025-02-25T16:11:14.696 application=api_v2 request_id=GCd_agxuXW-OIAIAABPE [info] Sent 200 in 242ms on GET /api/v2/stats?
2025-02-25T16:11:15.037 application=api_v2 request_id=GCd_ag6tieePMBEAABQE [info] Sent 200 in 546ms on GET /api/v2/main-page/blocks?
2025-02-25T16:11:15.072 application=api_v2 request_id=GCd_ag1NLiC5bY8AABxi [info] Sent 200 in 605ms on GET /api/v2/main-page/indexing-status?
2025-02-25T16:11:15.387 application=api_v2 request_id=GCd_ag6skQrdw0MAABID [info] Sent 200 in 897ms on GET /api/v2/main-page/transactions?
2025-02-25T16:11:20.760 application=api_v2 request_id=GCd_a3mKpNeQX48AABVE [info] Sent 200 in 179ms on GET /api/v2/main-page/indexing-status?
2025-02-25T16:11:21.020 application=api_v2 request_id=GCd_a3vJqry_VrQAABVk [info] Sent 200 in 404ms on GET /api/v2/transactions/0x12f9d0345e35063e747631bc2a541bf995aac37a0ef50c7d614571f07fc3e353?
2025-02-25T16:11:22.178 application=api_v2 request_id=GCd_a9LOLVuppGsAADRh [info] Sent 200 in 102ms on GET /api/v2/stats/charts/transactions?
2025-02-25T16:11:22.202 application=api_v2 request_id=GCd_a9LfffkpnFcAACAC [info] Sent 200 in 125ms on GET /api/v2/main-page/blocks?
2025-02-25T16:11:22.488 application=api_v2 request_id=GCd_a9LN1H1qOn8AAB_i [info] Sent 200 in 412ms on GET /api/v2/main-page/indexing-status?
2025-02-25T16:11:22.529 application=api_v2 request_id=GCd_a9L83YG8fg4AABCF [info] Sent 200 in 450ms on GET /api/v2/main-page/transactions?
2025-02-25T16:11:46.814 application=api_v2 request_id=GCd_cY-oP-G7aOMAACBm [info] Sent 200 in 94ms on GET /api/v2/stats?
2025-02-25T16:12:17.442 application=api_v2 request_id=GCd_eLKoHZAEEssAABxk [info] Sent 200 in 70ms on GET /api/v2/stats?
2025-02-25T16:12:48.441 application=api_v2 request_id=GCd_f-pjYO9fGvgAACoG [info] Sent 200 in 68ms on GET /api/v2/stats?
2025-02-25T16:12:59.006 application=api_v2 request_id=GCd_gmQwbBcu8eoAAEZh [info] Sent 200 in 232µs on GET /api/v2/config/backend-version?
2025-02-25T16:12:59.066 application=api_v2 request_id=GCd_gmNTE2DocqwAACtG [info] Sent 200 in 75ms on GET /api/v2/stats/charts/transactions?
2025-02-25T16:12:59.085 application=api_v2 request_id=GCd_gmOTRm8yHosAACtm [info] Sent 200 in 90ms on GET /api/v2/main-page/blocks?
2025-02-25T16:12:59.099 application=api_v2 request_id=GCd_gmNIDCLrgQwAACsm [info] Sent 200 in 108ms on GET /api/v2/main-page/indexing-status?
2025-02-25T16:12:59.117 application=api_v2 request_id=GCd_gmJRn1a3ZocAAEZB [info] Sent 200 in 142ms on GET /api/v2/stats?
2025-02-25T16:12:59.300 application=api_v2 request_id=GCd_gmQ30FenERUAACuG [info] Sent 200 in 294ms on GET /api/v2/main-page/transactions?
2025-02-25T16:13:08.711 application=api_v2 request_id=GCd_hJt0T3FPnWIAACCH [info] Sent 200 in 191ms on GET /api/v2/main-page/indexing-status?
2025-02-25T16:13:09.070 application=api_v2 request_id=GCd_hLiyuUGPWR4AAEfB [info] Sent 200 in 59ms on GET /api/v2/stats?
2025-02-25T16:13:09.071 application=api_v2 request_id=GCd_hK41aCyOKC8AACGk [info] Sent 200 in 235ms on GET /api/v2/blocks?type=block
2025-02-25T16:13:12.498 application=api_v2 request_id=GCd_hYep69QWCYwAAC2m [info] Sent 200 in 14ms on GET /api/v2/main-page/indexing-status?
2025-02-25T16:13:12.512 application=api_v2 request_id=GCd_hYek0iolNF0AACDn [info] Sent 200 in 28ms on GET /api/v2/main-page/blocks?
2025-02-25T16:13:12.524 application=api_v2 request_id=GCd_hYena9sC0rUAACKk [info] Sent 200 in 41ms on GET /api/v2/stats/charts/transactions?
2025-02-25T16:13:12.647 application=api_v2 request_id=GCd_hYe_Ohj8ecYAACEn [info] Sent 200 in 162ms on GET /api/v2/main-page/transactions?
2025-02-25T16:13:19.363 application=api_v2 request_id=GCd_hx400VhOSg4AACNH [info] Sent 200 in 58ms on GET /api/v2/stats?
2025-02-25T16:13:19.417 application=api_v2 request_id=GCd_hyIipBEPFpsAACNn [info] Sent 200 in 47ms on GET /api/v2/stats?
2025-02-25T16:15:03.061 application=api_v2 request_id=GCd_n0Z3XLnxjYwAAAHk [info] Sent 200 in 83µs on GET /api/v2/config/backend-version?
2025-02-25T16:15:03.117 application=api_v2 request_id=GCd_n0ZxZwLDtmkAAAqm [info] Sent 200 in 57ms on GET /api/v2/stats/charts/transactions?
2025-02-25T16:15:03.234 application=api_v2 request_id=GCd_n0UfWNoDGRMAAAqG [info] Sent 200 in 196ms on GET /api/v2/main-page/indexing-status?
2025-02-25T16:15:03.570 application=api_v2 request_id=GCd_n0RBXtgLNb8AAApm [info] Sent 200 in 546ms on GET /api/v2/stats?
2025-02-25T16:15:03.811 application=api_v2 request_id=GCd_n0Z5ah3G_wsAAArm [info] Sent 200 in 750ms on GET /api/v2/main-page/transactions?
2025-02-25T16:15:03.854 application=api_v2 request_id=GCd_n0ZxsgrTSFMAAAMB [info] Sent 200 in 794ms on GET /api/v2/main-page/blocks?
2025-02-25T16:15:57.160 application=api_v2 request_id=GCd_q970o-lziVwAABYm [info] Sent 200 in 232µs on GET /api/v2/main-page/indexing-status?
2025-02-25T16:15:57.174 application=api_v2 request_id=GCd_q9_F40sSOJgAAA6F [info] Sent 200 in 152µs on GET /api/v2/config/backend-version?
2025-02-25T16:15:57.213 application=api_v2 request_id=GCd_q978zHQkNJIAAA9k [info] Sent 200 in 52ms on GET /api/v2/stats/charts/transactions?
2025-02-25T16:15:57.322 application=api_v2 request_id=GCd_q93paHTPT4oAABYG [info] Sent 200 in 179ms on GET /api/v2/stats?
2025-02-25T16:15:57.571 application=api_v2 request_id=GCd_q98AG0xUCecAAA-E [info] Sent 200 in 410ms on GET /api/v2/main-page/blocks?
2025-02-25T16:15:57.585 application=api_v2 request_id=GCd_q9_GOBixqpAAABZG [info] Sent 200 in 410ms on GET /api/v2/main-page/transactions?
2025-02-25T16:16:00.781 application=api_v2 request_id=GCd_rLa-oFPMp-oAABbm [info] Sent 200 in 502µs on GET /api/v2/main-page/indexing-status?
2025-02-25T16:16:01.256 application=api_v2 request_id=GCd_rLh230mYb0kAACyo [info] Sent 200 in 446ms on GET /api/v2/transactions/0x03615ddc7679a9c3bc5c7e5e6e7174159adfdb4a904d6f548b36b19337a1fa8a?
2025-02-25T16:16:09.253 application=api_v2 request_id=GCd_rq-nAvBizCUAAA0C [info] Sent 200 in 236µs on GET /api/v2/main-page/indexing-status?
2025-02-25T16:16:09.276 application=api_v2 request_id=GCd_rq-xe-0rOvoAABEF [info] Sent 200 in 23ms on GET /api/v2/stats/charts/transactions?
2025-02-25T16:16:09.603 application=api_v2 request_id=GCd_rq_P4_JWA9gAACAj [info] Sent 200 in 348ms on GET /api/v2/main-page/blocks?
2025-02-25T16:16:09.807 application=api_v2 request_id=GCd_rq_-pnyNycUAABom [info] Sent 200 in 548ms on GET /api/v2/main-page/transactions?
2025-02-25T16:19:24.780 application=api_v2 request_id=GCd_3DWWSacbBa0AADom [info] Sent 200 in 321µs on GET /api/v2/main-page/indexing-status?
2025-02-25T16:19:25.102 application=api_v2 request_id=GCd_3EWIPcwcvZIAADrG [info] Sent 200 in 55ms on GET /api/v2/transactions/stats?
2025-02-25T16:19:25.134 application=api_v2 request_id=GCd_3EWH15Wp56sAAD1j [info] Sent 200 in 87ms on GET /api/v2/stats?
2025-02-25T16:19:25.234 application=api_v2 request_id=GCd_3Eg9rx68FHMAACyE [info] Sent 200 in 141ms on GET /api/v2/transactions?filter=validated
2025-02-25T16:19:26.273 application=api_v2 request_id=GCd_3I2ZpVOeM8wAAD4D [info] Sent 200 in 16ms on GET /api/v2/transactions?filter=pending
2025-02-25T16:19:29.476 application=api_v2 request_id=GCd_3TzaMeBmjm8AADtB [info] Sent 200 in 279ms on GET /api/v2/transactions?filter=validated
2025-02-25T16:19:36.952 application=api_v2 request_id=GCd_3wpmomSizG0AAD0B [info] Sent 200 in 9ms on GET /api/v2/transactions?filter=pending
2025-02-25T16:19:38.600 application=api_v2 request_id=GCd_32Ef-ydLqa8AAEBj [info] Sent 200 in 202ms on GET /api/v2/transactions?filter=validated
2025-02-25T16:19:39.232 application=api_v2 request_id=GCd_35LesrhJ4UMAAECj [info] Sent 200 in 158µs on GET /api/v2/main-page/indexing-status?
2025-02-25T16:19:39.291 application=api_v2 request_id=GCd_35Leplk-bM0AABzn [info] Sent 200 in 59ms on GET /api/v2/stats/charts/transactions?
2025-02-25T16:19:39.420 application=api_v2 request_id=GCd_35LenRL3v3cAAD2h [info] Sent 200 in 188ms on GET /api/v2/main-page/transactions?
2025-02-25T16:19:39.421 application=api_v2 request_id=GCd_35Lc5M66-pEAAC9i [info] Sent 200 in 189ms on GET /api/v2/main-page/blocks?
2025-02-25T16:19:40.639 application=api_v2 request_id=GCd_3-a22KnHFjkAADxG [info] Sent 200 in 247µs on GET /api/v2/main-page/indexing-status?
2025-02-25T16:20:44.708 application=api_v2 request_id=GCd_7tJF9S2CAwsAAEMm [info] Sent 200 in 283µs on GET /api/v2/main-page/indexing-status?
2025-02-25T16:20:44.766 application=api_v2 request_id=GCd_7tQwg9wNChIAAAbq [info] Sent 200 in 25ms on GET /api/v2/stats/charts/transactions?
2025-02-25T16:20:44.808 application=api_v2 request_id=GCd_7tO2kEzbUtYAAAbK [info] Sent 200 in 75ms on GET /api/v2/main-page/blocks?
2025-02-25T16:20:44.913 application=api_v2 request_id=GCd_7tPYcU9quVUAAE-j [info] Sent 200 in 178ms on GET /api/v2/main-page/transactions?
2025-02-25T16:21:28.368 application=api_v2 request_id=GCd_-Px_zEOSvx0AAAgq [info] Sent 200 in 756µs on GET /api/v2/main-page/indexing-status?
2025-02-25T16:21:28.675 application=api_v2 request_id=GCd_-QvOkdS3WbkAAAhK [info] Sent 200 in 51ms on GET /api/v2/transactions/stats?
2025-02-25T16:21:28.763 application=api_v2 request_id=GCd_-QvOkf5grVwAAEgm [info] Sent 200 in 138ms on GET /api/v2/stats?
2025-02-25T16:21:28.783 application=api_v2 request_id=GCd_-Q8kd1KJCGoAAEWi [info] Sent 200 in 103ms on GET /api/v2/transactions?filter=validated
2025-02-25T16:21:52.876 application=api_v2 request_id=GCd__q7Z28NxUJgAAExG [info] Sent 200 in 40ms on GET /api/v2/stats?
2025-02-25T16:22:19.370 application=api_v2 request_id=GCeABNibZgHEPjYAAF7h [info] Sent 200 in 64ms on GET /api/v2/stats?
2025-02-25T16:22:50.495 application=api_v2 request_id=GCeADBmynH5cP2oAAGXh [info] Sent 200 in 31ms on GET /api/v2/stats?
2025-02-25T16:23:21.570 application=api_v2 request_id=GCeAE1PH6mwxbtUAAG5h [info] Sent 200 in 66ms on GET /api/v2/stats?
2025-02-25T16:23:52.803 application=api_v2 request_id=GCeAGpnCD66ae5gAAHMB [info] Sent 200 in 59ms on GET /api/v2/stats?
2025-02-25T16:24:23.846 application=api_v2 request_id=GCeAIdOapNk-0foAAHuB [info] Sent 200 in 65ms on GET /api/v2/stats?
2025-02-25T16:24:54.931 application=api_v2 request_id=GCeAKRI4obR4QhsAAIAh [info] Sent 200 in 34ms on GET /api/v2/stats?
2025-02-25T16:25:25.948 application=api_v2 request_id=GCeAMEmuWLaBlbkAAIJh [info] Sent 200 in 55ms on GET /api/v2/stats?
2025-02-25T16:25:57.157 application=api_v2 request_id=GCeAN4w_LUvcCFwAAG7C [info] Sent 200 in 90ms on GET /api/v2/stats?
2025-02-25T16:26:28.216 application=api_v2 request_id=GCeAPsjdvLKWAWoAAEsH [info] Sent 200 in 67ms on GET /api/v2/stats?
2025-02-25T16:26:59.271 application=api_v2 request_id=GCeARgQytMawTyMAAIHD [info] Sent 200 in 61ms on GET /api/v2/stats?
2025-02-25T16:27:30.425 application=api_v2 request_id=GCeATUIkt0PR-wgAAIQD [info] Sent 200 in 112ms on GET /api/v2/stats?
2025-02-25T16:27:59.712 application=api_v2 request_id=GCeAVBXTEA6XT5YAAI0D [info] Sent 200 in 77ms on GET /api/v2/stats?
2025-02-25T16:28:01.450 application=api_v2 request_id=GCeAVH9oBAL7_WUAAI0j [info] Sent 200 in 44ms on GET /api/v2/stats?
2025-02-25T16:28:01.885 application=api_v2 request_id=GCeAVJvoR0XFiowAAIJi [info] Sent 200 in 444µs on GET /api/v2/main-page/indexing-status?
2025-02-25T16:28:01.890 application=api_v2 request_id=GCeAVJwMzv7s0lgAAIhl [info] Sent 200 in 3ms on GET /api/v2/main-page/blocks?
2025-02-25T16:28:01.897 application=api_v2 request_id=GCeAVJynQt_7s2IAAIKC [info] Sent 200 in 217µs on GET /api/v2/config/backend-version?
2025-02-25T16:28:01.903 application=api_v2 request_id=GCeAVJv0V3zwGloAAIhF [info] Sent 200 in 17ms on GET /api/v2/stats/charts/transactions?
2025-02-25T16:28:01.906 application=api_v2 request_id=GCeAVJt7P8_2vnUAAIJC [info] Sent 200 in 28ms on GET /api/v2/stats?
2025-02-25T16:28:01.990 application=api_v2 request_id=GCeAVJynQt8sTfAAAIiF [info] Sent 200 in 93ms on GET /api/v2/main-page/transactions?
2025-02-25T16:28:06.600 application=api_v2 request_id=GCeAVbTu4cFrQGQAAI3D [info] Sent 200 in 304µs on GET /api/v2/main-page/indexing-status?
2025-02-25T16:28:06.826 application=api_v2 request_id=GCeAVcId0AM3BbQAAHFk [info] Sent 200 in 5ms on GET /api/v2/transactions/stats?
2025-02-25T16:28:06.860 application=api_v2 request_id=GCeAVcIYUkCkRxQAAIRi [info] Sent 200 in 38ms on GET /api/v2/stats?
2025-02-25T16:28:06.984 application=api_v2 request_id=GCeAVcSMG6GMaJoAAISC [info] Sent 200 in 122ms on GET /api/v2/transactions?filter=validated
2025-02-25T16:28:07.841 application=api_v2 request_id=GCeAVf6iNwdPUmgAAIVC [info] Sent 200 in 4ms on GET /api/v2/transactions?filter=pending
2025-02-25T16:28:08.931 application=api_v2 request_id=GCeAVjvd88z5dboAAING [info] Sent 200 in 66ms on GET /api/v2/transactions?filter=validated
2025-02-25T16:28:11.291 application=api_v2 request_id=GCeAVsxgDWOre0YAAIRG [info] Sent 200 in 2ms on GET /api/v2/transactions?filter=pending
2025-02-25T16:28:22.589 application=api_v2 request_id=GCeAWW3tUs0_b9UAAIli [info] Sent 200 in 229µs on GET /api/v2/main-page/indexing-status?
2025-02-25T16:28:22.595 application=api_v2 request_id=GCeAWW4P0gTTbmYAAImC [info] Sent 200 in 4ms on GET /api/v2/main-page/blocks?
2025-02-25T16:28:22.601 application=api_v2 request_id=GCeAWW6pX5YaxJ0AAImi [info] Sent 200 in 374µs on GET /api/v2/config/backend-version?
2025-02-25T16:28:22.613 application=api_v2 request_id=GCeAWW323ayJkSkAAIdm [info] Sent 200 in 23ms on GET /api/v2/stats/charts/transactions?
2025-02-25T16:28:22.628 application=api_v2 request_id=GCeAWW1cOm5-4fwAAIdG [info] Sent 200 in 48ms on GET /api/v2/stats?
2025-02-25T16:28:22.713 application=api_v2 request_id=GCeAWW6o_XEFTXMAAIem [info] Sent 200 in 111ms on GET /api/v2/main-page/transactions?
2025-02-25T16:28:32.562 application=api_v2 request_id=GCeAW70xX8JHp7EAAIqG [info] Sent 200 in 49ms on GET /api/v2/stats?
2025-02-25T16:29:03.633 application=api_v2 request_id=GCeAYvhEq381sEAAAI7G [info] Sent 200 in 61ms on GET /api/v2/stats?
2025-02-25T16:29:20.184 application=api_v2 request_id=GCeAZta0BtLiyt0AAHWI [info] Sent 200 in 234µs on GET /api/v2/main-page/indexing-status?
2025-02-25T16:29:20.565 application=api_v2 request_id=GCeAZuplLSrl1D0AAJEG [info] Sent 200 in 51ms on GET /api/v2/blocks?type=block
2025-02-25T16:29:20.705 application=api_v2 request_id=GCeAZvJ7w1De2rMAAJEm [info] Sent 200 in 54ms on GET /api/v2/stats?
2025-02-25T16:29:26.444 application=api_v2 request_id=GCeAaC92FIVAbvYAALCh [info] Sent 200 in 475ms on GET /api/v2/addresses/0x0100000000000000000000000000000000000000?
2025-02-25T16:29:26.444 application=api_v2 request_id=GCeAaC90l1UyBLYAAHao [info] Sent 200 in 475ms on GET /api/v2/addresses/0x0100000000000000000000000000000000000000/tabs-counters?
2025-02-25T16:29:26.482 application=api_v2 request_id=GCeAaC9tjuFMCS0AAJHG [info] Sent 200 in 514ms on GET /api/v2/addresses/0x0100000000000000000000000000000000000000/transactions?
2025-02-25T16:29:26.699 application=api_v2 request_id=GCeAaFiiEyCk6eQAAHdo [info] Sent 200 in 40ms on GET /api/v2/addresses/0x0100000000000000000000000000000000000000/counters?
2025-02-25T16:29:37.761 application=api_v2 request_id=GCeAauyO_NinbE8AAJJG [info] Sent 200 in 30ms on GET /api/v2/addresses/0x0100000000000000000000000000000000000000/blocks-validated?
2025-02-25T16:29:43.923 application=api_v2 request_id=GCeAbFeutiX9omkAAJKG [info] Sent 200 in 100ms on GET /api/v2/addresses/0x0100000000000000000000000000000000000000/transactions?
2025-02-25T16:29:53.709 application=api_v2 request_id=GCeAbpxz9x42lWsAAKHD [info] Sent 200 in 142ms on GET /api/v2/search/check-redirect?q=0x0100000000000000000000000000000000000000
2025-02-25T16:29:53.786 application=api_v2 request_id=GCeAbpx7KG0wT7MAAJOG [info] Sent 200 in 219ms on GET /api/v2/search/quick?q=0x0100000000000000000000000000000000000000
2025-02-25T16:29:59.809 application=api_v2 request_id=GCeAcA0mHUuib_wAAJSG [info] Sent 200 in 57ms on GET /api/v2/addresses/0x0100000000000000000000000000000000000000/blocks-validated?
2025-02-25T16:30:00.750 application=api_v2 request_id=GCeAcEh3tVc74GwAAJTG [info] Sent 200 in 3ms on GET /api/v2/addresses/0x0100000000000000000000000000000000000000/transactions?
2025-02-25T16:30:01.387 application=api_v2 request_id=GCeAcG5AUniuxk4AAIFk [info] Sent 200 in 6ms on GET /api/v2/blocks?type=block
2025-02-25T16:30:01.422 application=api_v2 request_id=GCeAcG9ceAJTxFQAAKQD [info] Sent 200 in 22ms on GET /api/v2/stats?
2025-02-25T16:30:02.464 application=api_v2 request_id=GCeAcK7OdwQYB3UAAKRj [info] Sent 200 in 161µs on GET /api/v2/main-page/indexing-status?
2025-02-25T16:30:02.465 application=api_v2 request_id=GCeAcK7VKV9T-iYAAJTm [info] Sent 200 in 1ms on GET /api/v2/stats/charts/transactions?
2025-02-25T16:30:02.467 application=api_v2 request_id=GCeAcK7tFBitTLYAAKSD [info] Sent 200 in 1ms on GET /api/v2/main-page/blocks?
2025-02-25T16:30:02.514 application=api_v2 request_id=GCeAcK9PKU4VpdgAAHwI [info] Sent 200 in 42ms on GET /api/v2/main-page/transactions?
2025-02-25T16:30:05.911 application=api_v2 request_id=GCeAcXZNewnWo5IAAHwo [info] Sent 200 in 99ms on GET /api/v2/stats?
2025-02-25T16:30:37.044 application=api_v2 request_id=GCeAeLf9RMXURhwAAH-o [info] Sent 200 in 64ms on GET /api/v2/stats?
2025-02-25T16:31:08.101 application=api_v2 request_id=GCeAf_P8NBOTVTEAAMSB [info] Sent 200 in 49ms on GET /api/v2/stats?
2025-02-25T16:31:39.170 application=api_v2 request_id=GCeAhzFh9sEfq9YAAK7l [info] Sent 200 in 22ms on GET /api/v2/stats?
2025-02-25T16:32:03.969 application=api_v2 request_id=GCeAjPjZfhC-e5cAAM7h [info] Sent 200 in 407µs on GET /api/v2/main-page/indexing-status?
2025-02-25T16:32:03.972 application=api_v2 request_id=GCeAjPjjvCL9w2UAALaD [info] Sent 200 in 2ms on GET /api/v2/stats/charts/transactions?
2025-02-25T16:32:03.974 application=api_v2 request_id=GCeAjPj-Sk-_18AAAM8B [info] Sent 200 in 3ms on GET /api/v2/main-page/blocks?
2025-02-25T16:32:03.979 application=api_v2 request_id=GCeAjPl30XoiBqcAALUi [info] Sent 200 in 133µs on GET /api/v2/config/backend-version?
2025-02-25T16:32:04.051 application=api_v2 request_id=GCeAjPgMh699LLcAAM7B [info] Sent 200 in 96ms on GET /api/v2/stats?
2025-02-25T16:32:04.152 application=api_v2 request_id=GCeAjPl30XqPiaIAALaj [info] Sent 200 in 173ms on GET /api/v2/main-page/transactions?
2025-02-25T16:32:10.307 application=api_v2 request_id=GCeAjnCMVJ8OFhEAALhi [info] Sent 200 in 34ms on GET /api/v2/stats?
2025-02-25T16:32:41.255 application=api_v2 request_id=GCeAlaq_OhNe0PoAANih [info] Sent 200 in 38ms on GET /api/v2/stats?
2025-02-25T16:33:12.144 application=api_v2 request_id=GCeAnNe93rTiip4AAKmE [info] Sent 200 in 20ms on GET /api/v2/stats?
2025-02-25T16:33:43.357 application=api_v2 request_id=GCeApBkHk3c-QJ4AAL_F [info] Sent 200 in 74ms on GET /api/v2/stats?
2025-02-25T16:34:14.412 application=api_v2 request_id=GCeAq1YuudOj8HwAANGi [info] Sent 200 in 40ms on GET /api/v2/stats?
2025-02-25T16:34:45.506 application=api_v2 request_id=GCeAspQfmPnKG0oAANTi [info] Sent 200 in 32ms on GET /api/v2/stats?
2025-02-25T16:36:00.470 application=api_v2 request_id=GCeAxAoPkhAt62sAABzG [info] Sent 200 in 491µs on GET /api/v2/main-page/indexing-status?
2025-02-25T16:36:00.736 application=api_v2 request_id=GCeAxAumZgMmAMAAABzm [info] Sent 200 in 239ms on GET /api/v2/blocks/9?
2025-02-25T16:39:00.706 application=api_v2 request_id=GCeA7gF80eCMF6YAAzpj [info] Sent 200 in 251µs on GET /api/v2/main-page/indexing-status?
2025-02-25T16:39:00.730 application=api_v2 request_id=GCeA7gGJKoUEnjUAAzqD [info] Sent 200 in 23ms on GET /api/v2/stats/charts/transactions?
2025-02-25T16:39:00.939 application=api_v2 request_id=GCeA7gGij3_nbsEABIei [info] Sent 200 in 230ms on GET /api/v2/main-page/blocks?
2025-02-25T16:39:01.047 application=api_v2 request_id=GCeA7gILIYSVZ_4ABgUh [info] Sent 200 in 331ms on GET /api/v2/main-page/transactions?
2025-02-25T16:40:13.254 application=api_v2 request_id=GCeA_uUvKhRP2UcADmmh [info] Sent 200 in 224µs on GET /api/v2/main-page/indexing-status?
2025-02-25T16:40:13.344 application=api_v2 request_id=GCeA_uVZF_fl3toACUBC [info] Sent 200 in 87ms on GET /api/v2/main-page/blocks?
2025-02-25T16:40:13.348 application=api_v2 request_id=GCeA_uU8K9W7aOUADmnB [info] Sent 200 in 93ms on GET /api/v2/stats/charts/transactions?
2025-02-25T16:40:13.348 application=api_v2 request_id=GCeA_udNFi1aBYEADmoB [info] Sent 200 in 286µs on GET /api/v2/config/backend-version?
2025-02-25T16:40:13.508 application=api_v2 request_id=GCeA_uRRtI8UNEgACT_i [info] Sent 200 in 269ms on GET /api/v2/stats?
2025-02-25T16:40:13.694 application=api_v2 request_id=GCeA_uYAnoavxT8ACUBi [info] Sent 200 in 426ms on GET /api/v2/main-page/transactions?
2025-02-25T17:34:28.526 application=api_v2 request_id=GCeD9NK7S90oRyEAABDi [info] Sent 200 in 575µs on GET /api/v2/main-page/indexing-status?
2025-02-25T17:34:28.549 application=api_v2 request_id=GCeD9NQiyiPWB9YAABFi [info] Sent 200 in 315µs on GET /api/v2/config/backend-version?
2025-02-25T17:34:28.615 application=api_v2 request_id=GCeD9NLDDTdaYaAAABEC [info] Sent 200 in 88ms on GET /api/v2/stats/charts/transactions?
2025-02-25T17:34:28.880 application=api_v2 request_id=GCeD9NHM9YrLITEAAAlo [info] Sent 200 in 370ms on GET /api/v2/stats?
2025-02-25T17:34:29.236 application=api_v2 request_id=GCeD9NQkgZft7aAAACTB [info] Sent 200 in 687ms on GET /api/v2/main-page/transactions?
2025-02-25T17:34:29.311 application=api_v2 request_id=GCeD9NL1ZTwLVLkAABEi [info] Sent 200 in 781ms on GET /api/v2/main-page/blocks?
2025-02-25T17:36:09.770 application=api_v2 request_id=GCeEDGUS1iiXPnUAACXi [info] Sent 200 in 241µs on GET /api/v2/main-page/indexing-status?
2025-02-25T17:36:10.144 application=api_v2 request_id=GCeEDHSaLQK8FFQAACYC [info] Sent 200 in 116ms on GET /api/v2/transactions/stats?
2025-02-25T17:36:10.202 application=api_v2 request_id=GCeEDHSaOJAWuCMAABiG [info] Sent 200 in 173ms on GET /api/v2/stats?
2025-02-25T17:36:10.786 application=api_v2 request_id=GCeEDHcY0N_CnJsAACZC [info] Sent 200 in 716ms on GET /api/v2/transactions?filter=validated
2025-02-25T17:36:33.667 application=api_v2 request_id=GCeEEfWUMPJM4RIAAC5i [info] Sent 200 in 219µs on GET /api/v2/main-page/indexing-status?
2025-02-25T17:36:33.677 application=api_v2 request_id=GCeEEfYsWwx2XnYAAC7C [info] Sent 200 in 205µs on GET /api/v2/config/backend-version?
2025-02-25T17:36:33.702 application=api_v2 request_id=GCeEEfWdkaq7MBsAABNj [info] Sent 200 in 35ms on GET /api/v2/stats/charts/transactions?
2025-02-25T17:36:33.745 application=api_v2 request_id=GCeEEfW6BVvfAo0AAC6C [info] Sent 200 in 76ms on GET /api/v2/main-page/blocks?
2025-02-25T17:36:33.750 application=api_v2 request_id=GCeEEfTBPlj5J2kAAC5C [info] Sent 200 in 97ms on GET /api/v2/stats?
2025-02-25T17:36:33.967 application=api_v2 request_id=GCeEEfYodVSvzkEAAC6i [info] Sent 200 in 290ms on GET /api/v2/main-page/transactions?
2025-02-25T17:37:04.529 application=api_v2 request_id=GCeEGSF0uOFluJMAABhD [info] Sent 200 in 59ms on GET /api/v2/stats?
2025-02-25T17:44:08.683 application=api_v2 request_id=GCeEe-ZthJTbkvoAAAqB [info] Sent 200 in 150µs on GET /api/v2/main-page/indexing-status?
2025-02-25T17:44:08.714 application=api_v2 request_id=GCeEe-hEazJdWO4AAAhl [info] Sent 200 in 142µs on GET /api/v2/config/backend-version?
2025-02-25T17:44:08.759 application=api_v2 request_id=GCeEe-Z_-Ay15NcAAAfl [info] Sent 200 in 74ms on GET /api/v2/stats/charts/transactions?
2025-02-25T17:44:09.308 application=api_v2 request_id=GCeEe-WL8AtjNW4AAAph [info] Sent 200 in 639ms on GET /api/v2/stats?
2025-02-25T17:44:09.371 application=api_v2 request_id=GCeEe-ak3a_A_3YAAAgl [info] Sent 200 in 684ms on GET /api/v2/main-page/blocks?
2025-02-25T17:44:09.377 application=api_v2 request_id=GCeEe-hDDcA-VlAAAArB [info] Sent 200 in 663ms on GET /api/v2/main-page/transactions?
2025-02-25T17:46:07.985 application=api_v2 request_id=GCeEl61iTFR4SiAAABgj [info] Sent 200 in 541µs on GET /api/v2/main-page/indexing-status?
2025-02-25T17:46:08.025 application=api_v2 request_id=GCeEl6_IE0ido_wAAERG [info] Sent 200 in 259µs on GET /api/v2/config/backend-version?
2025-02-25T17:46:08.032 application=api_v2 request_id=GCeEl62J7Il7HzQAACVB [info] Sent 200 in 44ms on GET /api/v2/stats/charts/transactions?
2025-02-25T17:46:08.063 application=api_v2 request_id=GCeEl62hUcstY1oAABhD [info] Sent 200 in 73ms on GET /api/v2/main-page/blocks?
2025-02-25T17:46:08.084 application=api_v2 request_id=GCeEl6yRv_vDIAEAABgD [info] Sent 200 in 112ms on GET /api/v2/stats?
2025-02-25T17:46:08.459 application=api_v2 request_id=GCeEl69h2GIfNDwAABhj [info] Sent 200 in 440ms on GET /api/v2/main-page/transactions?
2025-02-25T17:46:13.227 application=api_v2 request_id=GCeEmOE7Bq4AywsAABtF [info] Sent 200 in 77ms on GET /api/v2/stats?
2025-02-25T17:46:44.344 application=api_v2 request_id=GCeEoCILRtS1DYcAAB_l [info] Sent 200 in 38ms on GET /api/v2/stats?
2025-02-25T17:47:15.363 application=api_v2 request_id=GCeEp1rEsgDqqqsAADhh [info] Sent 200 in 28ms on GET /api/v2/stats?
2025-02-25T17:47:46.426 application=api_v2 request_id=GCeErpUBfU0uDEcAAEOB [info] Sent 200 in 62ms on GET /api/v2/stats?
2025-02-25T17:48:17.562 application=api_v2 request_id=GCeEtdYPGkU1fTQAAEsB [info] Sent 200 in 40ms on GET /api/v2/stats?
2025-02-25T17:48:48.592 application=api_v2 request_id=GCeEvQzo1Xps4zwAADLD [info] Sent 200 in 85ms on GET /api/v2/stats?
2025-02-25T17:49:19.704 application=api_v2 request_id=GCeExEyrqM4rNq0AAFnh [info] Sent 200 in 61ms on GET /api/v2/stats?
2025-02-25T17:49:50.721 application=api_v2 request_id=GCeEy4WuqYvK2KwAAGCh [info] Sent 200 in 56ms on GET /api/v2/stats?
2025-02-25T17:50:21.854 application=api_v2 request_id=GCeE0sS9W0RJxLIAAGah [info] Sent 200 in 66ms on GET /api/v2/stats?
2025-02-25T17:50:51.967 application=api_v2 request_id=GCeE2cV-H4Im6GAAAC4H [info] Sent 200 in 98ms on GET /api/v2/stats?
2025-02-25T17:50:54.862 application=api_v2 request_id=GCeE2nVacid_1j0AAGkG [info] Sent 200 in 46ms on GET /api/v2/stats?
2025-02-25T17:51:24.942 application=api_v2 request_id=GCeE4XTWafVPuVEAADLH [info] Sent 200 in 70ms on GET /api/v2/stats?
2025-02-25T17:51:56.060 application=api_v2 request_id=GCeE6LI-O1W-qlYAAHEm [info] Sent 200 in 91ms on GET /api/v2/stats?
2025-02-25T17:52:27.132 application=api_v2 request_id=GCeE7_CuVe9BwMAAAHRm [info] Sent 200 in 50ms on GET /api/v2/stats?
2025-02-25T17:52:58.269 application=api_v2 request_id=GCeE9zCMmqmGyPwAAFyD [info] Sent 200 in 61ms on GET /api/v2/stats?
2025-02-25T17:53:11.703 application=api_v2 request_id=GCeE-lS0opTHSmwAAH0m [info] Sent 200 in 272µs on GET /api/v2/main-page/indexing-status?
2025-02-25T17:53:11.710 application=api_v2 request_id=GCeE-lPLZHXA0L0AAH0G [info] Sent 200 in 22ms on GET /api/v2/stats?
2025-02-25T17:53:11.716 application=api_v2 request_id=GCeE-lVxtOxoEhoAAF5j [info] Sent 200 in 733µs on GET /api/v2/config/backend-version?
2025-02-25T17:53:11.744 application=api_v2 request_id=GCeE-lS-lSH4xCEAAF4j [info] Sent 200 in 41ms on GET /api/v2/stats/charts/transactions?
2025-02-25T17:53:11.768 application=api_v2 request_id=GCeE-lTZVxBNTAIAAF5D [info] Sent 200 in 62ms on GET /api/v2/main-page/blocks?
2025-02-25T17:53:12.176 application=api_v2 request_id=GCeE-lVxtOx5vMEAAH1G [info] Sent 200 in 460ms on GET /api/v2/main-page/transactions?
2025-02-25T17:53:29.296 application=api_v2 request_id=GCeE_mqGKzFXzXoAAF-j [info] Sent 200 in 47ms on GET /api/v2/stats?
2025-02-25T17:54:00.359 application=api_v2 request_id=GCeFBabisXvicNUAAEoH [info] Sent 200 in 38ms on GET /api/v2/stats?
2025-02-25T17:54:31.376 application=api_v2 request_id=GCeFDN4gs-m546gAAE0H [info] Sent 200 in 64ms on GET /api/v2/stats?
2025-02-25T17:55:02.462 application=api_v2 request_id=GCeFFBv0iFMC4KMAAGNi [info] Sent 200 in 48ms on GET /api/v2/stats?
2025-02-25T17:55:33.461 application=api_v2 request_id=GCeFG1TqSHue66wAAJcm [info] Sent 200 in 25ms on GET /api/v2/stats?
2025-02-25T17:56:05.619 application=api_v2 request_id=GCeFItCeSlkk8d0AAF6E [info] Sent 200 in 42ms on GET /api/v2/stats?
2025-02-25T17:56:36.607 application=api_v2 request_id=GCeFKgh3Qy_eFA0AAF4H [info] Sent 200 in 26ms on GET /api/v2/stats?
2025-02-25T17:57:07.629 application=api_v2 request_id=GCeFMUBMsPVnqEgAAHND [info] Sent 200 in 47ms on GET /api/v2/stats?
2025-02-25T17:57:38.615 application=api_v2 request_id=GCeFOHfkoQn5TH8AAK6G [info] Sent 200 in 35ms on GET /api/v2/stats?
2025-02-25T17:58:09.622 application=api_v2 request_id=GCeFP6-7QM1i0cAAALFm [info] Sent 200 in 40ms on GET /api/v2/stats?
2025-02-25T17:58:40.614 application=api_v2 request_id=GCeFRudzDKMVTA8AALUm [info] Sent 200 in 32ms on GET /api/v2/stats?
2025-02-25T17:59:11.604 application=api_v2 request_id=GCeFTh-zw2v7YRAAAIfi [info] Sent 200 in 13ms on GET /api/v2/stats?
2025-02-25T17:59:42.618 application=api_v2 request_id=GCeFVVbgkgrSeJ4AAI9C [info] Sent 200 in 36ms on GET /api/v2/stats?
2025-02-25T18:00:13.614 application=api_v2 request_id=GCeFXI9wUZGa6GcAACxp [info] Sent 200 in 20ms on GET /api/v2/stats?
2025-02-25T18:00:44.618 application=api_v2 request_id=GCeFY8aop7DEx38AAN6h [info] Sent 200 in 70ms on GET /api/v2/stats?
2025-02-25T18:01:15.585 application=api_v2 request_id=GCeFavyimH_haegAAOLB [info] Sent 200 in 38ms on GET /api/v2/stats?
